0001_0007_0027_0046_0046.jpg 1 7 27 46 46
0002_0054_0015_0037_0037.jpg 1 54 15 37 37
0003_0014_0042_0034_0034.jpg 1 14 42 34 34
0004_0047_0016_0046_0046.jpg 1 47 16 46 46
0005_0013_0020_0049_0049.jpg 1 13 20 49 49
0006_0065_0054_0025_0025.jpg 1 65 54 25 25
0007_0024_0042_0044_0044.jpg 1 24 42 44 44
0008_0037_0019_0057_0057.jpg 1 37 19 57 57
0009_0047_0022_0043_0043.jpg 1 47 22 43 43
0010_0038_0032_0028_0028.jpg 1 38 32 28 28
0011_0040_0009_0037_0037.jpg 1 40 9 37 37
0012_0033_0008_0040_0040.jpg 1 33 8 40 40
0013_0020_0044_0046_0046.jpg 1 20 44 46 46
0014_0026_0034_0034_0034.jpg 1 26 34 34 34
0015_0033_0046_0025_0025.jpg 1 33 46 25 25
0016_0050_0054_0025_0025.jpg 1 50 54 25 25
0017_0027_0018_0033_0033.jpg 1 27 18 33 33
0018_0007_0023_0060_0060.jpg 1 7 23 60 60
0019_0038_0033_0056_0056.jpg 1 38 33 56 56
0020_0012_0025_0056_0056.jpg 1 12 25 56 56
0021_0030_0033_0048_0048.jpg 1 30 33 48 48
0022_0019_0042_0036_0036.jpg 1 19 42 36 36
0023_0007_0015_0045_0045.jpg 1 7 15 45 45
0024_0044_0020_0031_0031.jpg 1 44 20 31 31
0025_0058_0016_0034_0034.jpg 1 58 16 34 34
0026_0043_0036_0049_0049.jpg 1 43 36 49 49
0027_0058_0015_0027_0027.jpg 1 58 15 27 27
0028_0023_0029_0035_0035.jpg 1 23 29 35 35
0029_0052_0038_0037_0037.jpg 1 52 38 37 37
0030_0053_0055_0038_0038.jpg 1 53 55 38 38
0031_0064_0010_0028_0028.jpg 1 64 10 28 28
0032_0049_0025_0040_0040.jpg 1 49 25 40 40
0033_0006_0011_0037_0037.jpg 1 6 11 37 37
0034_0027_0013_0045_0045.jpg 1 27 13 45 45
0035_0008_0044_0044_0044.jpg 1 8 44 44 44
0036_0025_0010_0056_0056.jpg 1 25 10 56 56
0037_0036_0018_0059_0059.jpg 1 36 18 59 59
0038_0011_0013_0042_0042.jpg 1 11 13 42 42
0039_0035_0017_0053_0053.jpg 1 35 17 53 53
0040_0029_0035_0059_0059.jpg 1 29 35 59 59
0041_0025_0020_0053_0053.jpg 1 25 20 53 53
0042_0030_0013_0046_0046.jpg 1 30 13 46 46
0043_0053_0030_0036_0036.jpg 1 53 30 36 36
0044_0041_0026_0054_0054.jpg 1 41 26 54 54
0045_0019_0021_0043_0043.jpg 1 19 21 43 43
0046_0037_0014_0044_0044.jpg 1 37 14 44 44
0047_0048_0050_0036_0036.jpg 1 48 50 36 36
0048_0044_0042_0044_0044.jpg 1 44 42 44 44
0049_0018_0010_0063_0063.jpg 1 18 10 63 63
0050_0016_0018_0050_0050.jpg 1 16 18 50 50
0051_0035_0011_0042_0042.jpg 1 35 11 42 42
0052_0038_0032_0050_0050.jpg 1 38 32 50 50
0053_0014_0026_0027_0027.jpg 1 14 26 27 27
0054_0052_0017_0037_0037.jpg 1 52 17 37 37
0055_0008_0011_0048_0048.jpg 1 8 11 48 48
0056_0012_0055_0037_0037.jpg 1 12 55 37 37
0057_0040_0028_0024_0024.jpg 1 40 28 24 24
0058_0046_0021_0045_0045.jpg 1 46 21 45 45
0059_0020_0043_0027_0027.jpg 1 20 43 27 27
0060_0020_0018_0065_0065.jpg 1 20 18 65 65
0061_0017_0029_0066_0066.jpg 1 17 29 66 66
0062_0012_0022_0056_0056.jpg 1 12 22 56 56
0063_0028_0020_0041_0041.jpg 1 28 20 41 41
0064_0044_0041_0033_0033.jpg 1 44 41 33 33
0065_0008_0011_0048_0048.jpg 1 8 11 48 48
0066_0008_0005_0064_0064.jpg 1 8 5 64 64
0067_0013_0014_0069_0069.jpg 1 13 14 69 69
0068_0008_0014_0066_0066.jpg 1 8 14 66 66
0069_0017_0024_0052_0052.jpg 1 17 24 52 52
0070_0025_0028_0040_0040.jpg 1 25 28 40 40
0071_0044_0015_0031_0031.jpg 1 44 15 31 31
0072_0006_0007_0067_0067.jpg 1 6 7 67 67
0073_0024_0044_0035_0035.jpg 1 24 44 35 35
0074_0045_0027_0044_0044.jpg 1 45 27 44 44
0075_0050_0046_0032_0032.jpg 1 50 46 32 32
0076_0023_0026_0062_0062.jpg 1 23 26 62 62
0077_0013_0053_0034_0034.jpg 1 13 53 34 34
0078_0021_0026_0060_0060.jpg 1 21 26 60 60
0079_0008_0008_0055_0055.jpg 1 8 8 55 55
0080_0010_0008_0030_0030.jpg 1 10 8 30 30
0081_0022_0044_0043_0043.jpg 1 22 44 43 43
0082_0015_0032_0055_0055.jpg 1 15 32 55 55
0083_0043_0019_0029_0029.jpg 1 43 19 29 29
0084_0017_0008_0059_0059.jpg 1 17 8 59 59
0085_0025_0042_0032_0032.jpg 1 25 42 32 32
0086_0046_0045_0046_0046.jpg 1 46 45 46 46
0087_0063_0024_0028_0028.jpg 1 63 24 28 28
0088_0033_0047_0042_0042.jpg 1 33 47 42 42
0089_0036_0036_0055_0055.jpg 1 36 36 55 55
0090_0062_0023_0024_0024.jpg 1 62 23 24 24
0091_0007_0016_0057_0057.jpg 1 7 16 57 57
0092_0008_0012_0059_0059.jpg 1 8 12 59 59
0093_0012_0008_0040_0040.jpg 1 12 8 40 40
0094_0010_0006_0062_0062.jpg 1 10 6 62 62
0095_0024_0037_0024_0024.jpg 1 24 37 24 24
0096_0008_0038_0032_0032.jpg 1 8 38 32 32
0097_0035_0057_0030_0030.jpg 1 35 57 30 30
0098_0018_0017_0058_0058.jpg 1 18 17 58 58
0099_0057_0019_0036_0036.jpg 1 57 19 36 36
0100_0028_0005_0059_0059.jpg 1 28 5 59 59
0101_0014_0026_0069_0069.jpg 1 14 26 69 69
0102_0025_0019_0028_0028.jpg 1 25 19 28 28
0103_0042_0009_0042_0042.jpg 1 42 9 42 42
0104_0030_0004_0065_0065.jpg 1 30 4 65 65
0105_0036_0039_0033_0033.jpg 1 36 39 33 33
0106_0058_0055_0030_0030.jpg 1 58 55 30 30
0107_0008_0035_0043_0043.jpg 1 8 35 43 43
0108_0026_0026_0050_0050.jpg 1 26 26 50 50
0109_0007_0031_0059_0059.jpg 1 7 31 59 59
0110_0021_0028_0045_0045.jpg 1 21 28 45 45
0111_0006_0010_0055_0055.jpg 1 6 10 55 55
0112_0012_0017_0061_0061.jpg 1 12 17 61 61
0113_0009_0015_0060_0060.jpg 1 9 15 60 60
0114_0040_0027_0038_0038.jpg 1 40 27 38 38
0115_0041_0052_0038_0038.jpg 1 41 52 38 38
0116_0028_0028_0067_0067.jpg 1 28 28 67 67
0117_0019_0035_0060_0060.jpg 1 19 35 60 60
0118_0056_0029_0026_0026.jpg 1 56 29 26 26
0119_0022_0023_0052_0052.jpg 1 22 23 52 52
0120_0012_0007_0029_0029.jpg 1 12 7 29 29
0121_0021_0015_0031_0031.jpg 1 21 15 31 31
0122_0023_0006_0040_0040.jpg 1 23 6 40 40
0123_0013_0012_0043_0043.jpg 1 13 12 43 43
0124_0039_0030_0049_0049.jpg 1 39 30 49 49
0125_0005_0013_0047_0047.jpg 1 5 13 47 47
0126_0018_0012_0062_0062.jpg 1 18 12 62 62
0127_0008_0022_0045_0045.jpg 1 8 22 45 45
0128_0025_0009_0068_0068.jpg 1 25 9 68 68
0129_0038_0050_0024_0024.jpg 1 38 50 24 24
0130_0049_0046_0033_0033.jpg 1 49 46 33 33
0131_0021_0006_0056_0056.jpg 1 21 6 56 56
0132_0010_0005_0066_0066.jpg 1 10 5 66 66
0133_0025_0034_0061_0061.jpg 1 25 34 61 61
0134_0014_0036_0058_0058.jpg 1 14 36 58 58
0135_0030_0034_0060_0060.jpg 1 30 34 60 60
0136_0023_0039_0038_0038.jpg 1 23 39 38 38
0137_0024_0020_0043_0043.jpg 1 24 20 43 43
0138_0010_0035_0056_0056.jpg 1 10 35 56 56
0139_0025_0006_0043_0043.jpg 1 25 6 43 43
0140_0029_0005_0049_0049.jpg 1 29 5 49 49
0141_0032_0038_0024_0024.jpg 1 32 38 24 24
0142_0029_0013_0051_0051.jpg 1 29 13 51 51
0143_0019_0035_0054_0054.jpg 1 19 35 54 54
0144_0035_0012_0028_0028.jpg 1 35 12 28 28
0145_0008_0004_0065_0065.jpg 1 8 4 65 65
0146_0038_0035_0054_0054.jpg 1 38 35 54 54
0147_0033_0007_0040_0040.jpg 1 33 7 40 40
0148_0018_0011_0060_0060.jpg 1 18 11 60 60
0149_0029_0022_0061_0061.jpg 1 29 22 61 61
0150_0009_0011_0029_0029.jpg 1 9 11 29 29
0151_0016_0025_0046_0046.jpg 1 16 25 46 46
0152_0040_0029_0031_0031.jpg 1 40 29 31 31
0153_0049_0026_0039_0039.jpg 1 49 26 39 39
0154_0031_0010_0056_0056.jpg 1 31 10 56 56
0155_0014_0036_0051_0051.jpg 1 14 36 51 51
0156_0024_0023_0065_0065.jpg 1 24 23 65 65
0157_0023_0041_0037_0037.jpg 1 23 41 37 37
0158_0014_0021_0066_0066.jpg 1 14 21 66 66
0159_0043_0052_0029_0029.jpg 1 43 52 29 29
0160_0019_0042_0033_0033.jpg 1 19 42 33 33
0161_0027_0056_0027_0027.jpg 1 27 56 27 27
0162_0038_0034_0044_0044.jpg 1 38 34 44 44
0163_0026_0027_0057_0057.jpg 1 26 27 57 57
0164_0049_0042_0028_0028.jpg 1 49 42 28 28
0165_0018_0065_0024_0024.jpg 1 18 65 24 24
0166_0041_0016_0048_0048.jpg 1 41 16 48 48
0167_0022_0020_0059_0059.jpg 1 22 20 59 59
0168_0010_0006_0063_0063.jpg 1 10 6 63 63
0169_0008_0010_0060_0060.jpg 1 8 10 60 60
0170_0011_0010_0040_0040.jpg 1 11 10 40 40
0171_0028_0028_0053_0053.jpg 1 28 28 53 53
0172_0043_0015_0044_0044.jpg 1 43 15 44 44
0173_0013_0008_0063_0063.jpg 1 13 8 63 63
0174_0045_0023_0042_0042.jpg 1 45 23 42 42
0175_0057_0061_0028_0028.jpg 1 57 61 28 28
0176_0029_0006_0056_0056.jpg 1 29 6 56 56
0177_0027_0011_0054_0054.jpg 1 27 11 54 54
0178_0017_0021_0062_0062.jpg 1 17 21 62 62
0179_0037_0016_0056_0056.jpg 1 37 16 56 56
0180_0026_0029_0067_0067.jpg 1 26 29 67 67
0181_0036_0049_0031_0031.jpg 1 36 49 31 31
0182_0005_0021_0064_0064.jpg 1 5 21 64 64
0183_0013_0010_0031_0031.jpg 1 13 10 31 31
0184_0012_0012_0031_0031.jpg 1 12 12 31 31
0185_0007_0061_0031_0031.jpg 1 7 61 31 31
0186_0039_0022_0033_0033.jpg 1 39 22 33 33
0187_0006_0007_0055_0055.jpg 1 6 7 55 55
0188_0042_0028_0046_0046.jpg 1 42 28 46 46
0189_0018_0035_0054_0054.jpg 1 18 35 54 54
0190_0034_0045_0034_0034.jpg 1 34 45 34 34
0191_0037_0029_0042_0042.jpg 1 37 29 42 42
0192_0007_0041_0050_0050.jpg 1 7 41 50 50
0193_0017_0037_0035_0035.jpg 1 17 37 35 35
0194_0033_0028_0052_0052.jpg 1 33 28 52 52
0195_0010_0033_0058_0058.jpg 1 10 33 58 58
0196_0006_0021_0065_0065.jpg 1 6 21 65 65
0197_0013_0012_0046_0046.jpg 1 13 12 46 46
0198_0024_0031_0051_0051.jpg 1 24 31 51 51
0199_0029_0024_0057_0057.jpg 1 29 24 57 57
0200_0037_0024_0034_0034.jpg 1 37 24 34 34
0201_0054_0033_0037_0037.jpg 1 54 33 37 37
0202_0018_0007_0035_0035.jpg 1 18 7 35 35
0203_0024_0018_0044_0044.jpg 1 24 18 44 44
0204_0011_0009_0065_0065.jpg 1 11 9 65 65
0205_0009_0013_0033_0033.jpg 1 9 13 33 33
0206_0038_0038_0025_0025.jpg 1 38 38 25 25
0207_0015_0017_0040_0040.jpg 1 15 17 40 40
0208_0053_0025_0036_0036.jpg 1 53 25 36 36
0209_0021_0005_0069_0069.jpg 1 21 5 69 69
0210_0053_0017_0027_0027.jpg 1 53 17 27 27
0211_0024_0025_0058_0058.jpg 1 24 25 58 58
0212_0019_0024_0028_0028.jpg 1 19 24 28 28
0213_0033_0030_0059_0059.jpg 1 33 30 59 59
0214_0022_0026_0048_0048.jpg 1 22 26 48 48
0215_0054_0011_0024_0024.jpg 1 54 11 24 24
0216_0022_0009_0060_0060.jpg 1 22 9 60 60
0217_0041_0011_0048_0048.jpg 1 41 11 48 48
0218_0031_0063_0024_0024.jpg 1 31 63 24 24
0219_0023_0055_0027_0027.jpg 1 23 55 27 27
0220_0013_0018_0024_0024.jpg 1 13 18 24 24
0221_0021_0045_0047_0047.jpg 1 21 45 47 47
0222_0012_0004_0067_0067.jpg 1 12 4 67 67
0223_0035_0015_0059_0059.jpg 1 35 15 59 59
0224_0016_0005_0059_0059.jpg 1 16 5 59 59
0225_0021_0016_0046_0046.jpg 1 21 16 46 46
0226_0011_0009_0066_0066.jpg 1 11 9 66 66
0227_0053_0032_0032_0032.jpg 1 53 32 32 32
0228_0031_0021_0026_0026.jpg 1 31 21 26 26
0229_0057_0054_0033_0033.jpg 1 57 54 33 33
0230_0045_0048_0028_0028.jpg 1 45 48 28 28
0231_0010_0062_0028_0028.jpg 1 10 62 28 28
0232_0031_0034_0027_0027.jpg 1 31 34 27 27
0233_0008_0023_0060_0060.jpg 1 8 23 60 60
0234_0006_0013_0049_0049.jpg 1 6 13 49 49
0235_0033_0047_0036_0036.jpg 1 33 47 36 36
0236_0037_0004_0052_0052.jpg 1 37 4 52 52
0237_0059_0048_0025_0025.jpg 1 59 48 25 25
0238_0007_0011_0053_0053.jpg 1 7 11 53 53
0239_0006_0018_0065_0065.jpg 1 6 18 65 65
0240_0008_0008_0047_0047.jpg 1 8 8 47 47
0241_0027_0006_0062_0062.jpg 1 27 6 62 62
0242_0024_0013_0046_0046.jpg 1 24 13 46 46
0243_0009_0022_0067_0067.jpg 1 9 22 67 67
0244_0015_0008_0066_0066.jpg 1 15 8 66 66
0245_0010_0006_0049_0049.jpg 1 10 6 49 49
0246_0036_0024_0033_0033.jpg 1 36 24 33 33
0247_0045_0016_0047_0047.jpg 1 45 16 47 47
0248_0004_0024_0059_0059.jpg 1 4 24 59 59
0249_0037_0015_0042_0042.jpg 1 37 15 42 42
0250_0034_0035_0039_0039.jpg 1 34 35 39 39
0251_0042_0049_0034_0034.jpg 1 42 49 34 34
0252_0035_0045_0028_0028.jpg 1 35 45 28 28
0253_0022_0013_0059_0059.jpg 1 22 13 59 59
0254_0021_0016_0036_0036.jpg 1 21 16 36 36
0255_0012_0007_0051_0051.jpg 1 12 7 51 51
0256_0011_0009_0044_0044.jpg 1 11 9 44 44
0257_0007_0010_0054_0054.jpg 1 7 10 54 54
0258_0042_0006_0048_0048.jpg 1 42 6 48 48
0259_0022_0016_0046_0046.jpg 1 22 16 46 46
0260_0036_0029_0034_0034.jpg 1 36 29 34 34
0261_0049_0032_0026_0026.jpg 1 49 32 26 26
0262_0052_0056_0034_0034.jpg 1 52 56 34 34
0263_0019_0028_0038_0038.jpg 1 19 28 38 38
0264_0048_0037_0027_0027.jpg 1 48 37 27 27
0265_0054_0045_0034_0034.jpg 1 54 45 34 34
0266_0050_0016_0043_0043.jpg 1 50 16 43 43
0267_0032_0042_0050_0050.jpg 1 32 42 50 50
0268_0035_0041_0035_0035.jpg 1 35 41 35 35
0269_0058_0014_0033_0033.jpg 1 58 14 33 33
0270_0008_0047_0044_0044.jpg 1 8 47 44 44
0271_0026_0042_0030_0030.jpg 1 26 42 30 30
0272_0018_0019_0026_0026.jpg 1 18 19 26 26
0273_0060_0033_0028_0028.jpg 1 60 33 28 28
0274_0048_0014_0037_0037.jpg 1 48 14 37 37
0275_0025_0018_0056_0056.jpg 1 25 18 56 56
0276_0039_0049_0027_0027.jpg 1 39 49 27 27
0277_0026_0038_0044_0044.jpg 1 26 38 44 44
0278_0061_0043_0028_0028.jpg 1 61 43 28 28
0279_0029_0035_0026_0026.jpg 1 29 35 26 26
0280_0017_0023_0056_0056.jpg 1 17 23 56 56
0281_0030_0021_0054_0054.jpg 1 30 21 54 54
0282_0039_0048_0039_0039.jpg 1 39 48 39 39
0283_0005_0040_0047_0047.jpg 1 5 40 47 47
0284_0006_0007_0044_0044.jpg 1 6 7 44 44
0285_0012_0013_0040_0040.jpg 1 12 13 40 40
0286_0050_0039_0039_0039.jpg 1 50 39 39 39
0287_0012_0029_0040_0040.jpg 1 12 29 40 40
0288_0023_0010_0036_0036.jpg 1 23 10 36 36
0289_0021_0023_0057_0057.jpg 1 21 23 57 57
0290_0043_0026_0051_0051.jpg 1 43 26 51 51
0291_0039_0009_0026_0026.jpg 1 39 9 26 26
0292_0044_0025_0026_0026.jpg 1 44 25 26 26
0293_0020_0005_0068_0068.jpg 1 20 5 68 68
0294_0039_0057_0031_0031.jpg 1 39 57 31 31
0295_0007_0030_0060_0060.jpg 1 7 30 60 60
0296_0015_0019_0064_0064.jpg 1 15 19 64 64
0297_0024_0013_0049_0049.jpg 1 24 13 49 49
0298_0041_0044_0027_0027.jpg 1 41 44 27 27
0299_0025_0021_0058_0058.jpg 1 25 21 58 58
0300_0021_0017_0046_0046.jpg 1 21 17 46 46
0301_0025_0032_0055_0055.jpg 1 25 32 55 55
0302_0041_0016_0050_0050.jpg 1 41 16 50 50
0303_0032_0019_0047_0047.jpg 1 32 19 47 47
0304_0013_0037_0051_0051.jpg 1 13 37 51 51
0305_0020_0021_0056_0056.jpg 1 20 21 56 56
0306_0023_0028_0054_0054.jpg 1 23 28 54 54
0307_0025_0026_0044_0044.jpg 1 25 26 44 44
0308_0034_0054_0035_0035.jpg 1 34 54 35 35
0309_0012_0014_0040_0040.jpg 1 12 14 40 40
0310_0010_0050_0040_0040.jpg 1 10 50 40 40
0311_0055_0036_0026_0026.jpg 1 55 36 26 26
0312_0039_0053_0038_0038.jpg 1 39 53 38 38
0313_0013_0017_0035_0035.jpg 1 13 17 35 35
0314_0014_0021_0031_0031.jpg 1 14 21 31 31
0315_0051_0036_0042_0042.jpg 1 51 36 42 42
0316_0026_0017_0057_0057.jpg 1 26 17 57 57
0317_0026_0054_0033_0033.jpg 1 26 54 33 33
0318_0038_0009_0038_0038.jpg 1 38 9 38 38
0319_0027_0024_0043_0043.jpg 1 27 24 43 43
0320_0028_0005_0067_0067.jpg 1 28 5 67 67
0321_0040_0034_0052_0052.jpg 1 40 34 52 52
0322_0011_0024_0037_0037.jpg 1 11 24 37 37
0323_0006_0035_0038_0038.jpg 1 6 35 38 38
0324_0034_0051_0035_0035.jpg 1 34 51 35 35
0325_0006_0008_0063_0063.jpg 1 6 8 63 63
0326_0025_0017_0027_0027.jpg 1 25 17 27 27
0327_0011_0027_0067_0067.jpg 1 11 27 67 67
0328_0036_0039_0033_0033.jpg 1 36 39 33 33
0329_0008_0015_0053_0053.jpg 1 8 15 53 53
0330_0015_0040_0053_0053.jpg 1 15 40 53 53
0331_0010_0025_0033_0033.jpg 1 10 25 33 33
0332_0010_0023_0069_0069.jpg 1 10 23 69 69
0333_0052_0048_0041_0041.jpg 1 52 48 41 41
0334_0014_0051_0033_0033.jpg 1 14 51 33 33
0335_0040_0026_0042_0042.jpg 1 40 26 42 42
0336_0009_0035_0060_0060.jpg 1 9 35 60 60
0337_0028_0024_0050_0050.jpg 1 28 24 50 50
0338_0036_0010_0057_0057.jpg 1 36 10 57 57
0339_0024_0033_0050_0050.jpg 1 24 33 50 50
0340_0028_0056_0029_0029.jpg 1 28 56 29 29
0341_0027_0043_0033_0033.jpg 1 27 43 33 33
0342_0034_0049_0032_0032.jpg 1 34 49 32 32
0343_0028_0005_0068_0068.jpg 1 28 5 68 68
0344_0052_0054_0035_0035.jpg 1 52 54 35 35
0345_0021_0050_0027_0027.jpg 1 21 50 27 27
0346_0036_0029_0024_0024.jpg 1 36 29 24 24
0347_0023_0013_0038_0038.jpg 1 23 13 38 38
0348_0019_0031_0052_0052.jpg 1 19 31 52 52
0349_0032_0046_0033_0033.jpg 1 32 46 33 33
0350_0051_0047_0042_0042.jpg 1 51 47 42 42
0351_0006_0039_0034_0034.jpg 1 6 39 34 34
0352_0064_0016_0028_0028.jpg 1 64 16 28 28
0353_0038_0012_0033_0033.jpg 1 38 12 33 33
0354_0025_0004_0060_0060.jpg 1 25 4 60 60
0355_0024_0030_0055_0055.jpg 1 24 30 55 55
0356_0018_0013_0044_0044.jpg 1 18 13 44 44
0357_0012_0039_0054_0054.jpg 1 12 39 54 54
0358_0035_0022_0029_0029.jpg 1 35 22 29 29
0359_0039_0032_0033_0033.jpg 1 39 32 33 33
0360_0007_0031_0055_0055.jpg 1 7 31 55 55
0361_0050_0020_0044_0044.jpg 1 50 20 44 44
0362_0036_0042_0037_0037.jpg 1 36 42 37 37
0363_0042_0014_0041_0041.jpg 1 42 14 41 41
0364_0020_0024_0044_0044.jpg 1 20 24 44 44
0365_0026_0050_0033_0033.jpg 1 26 50 33 33
0366_0014_0009_0048_0048.jpg 1 14 9 48 48
0367_0025_0044_0035_0035.jpg 1 25 44 35 35
0368_0007_0043_0038_0038.jpg 1 7 43 38 38
0369_0026_0032_0053_0053.jpg 1 26 32 53 53
0370_0024_0014_0056_0056.jpg 1 24 14 56 56
0371_0023_0044_0048_0048.jpg 1 23 44 48 48
0372_0008_0034_0039_0039.jpg 1 8 34 39 39
0373_0015_0018_0066_0066.jpg 1 15 18 66 66
0374_0025_0029_0058_0058.jpg 1 25 29 58 58
0375_0039_0011_0032_0032.jpg 1 39 11 32 32
0376_0006_0031_0033_0033.jpg 1 6 31 33 33
0377_0021_0027_0028_0028.jpg 1 21 27 28 28
0378_0016_0049_0025_0025.jpg 1 16 49 25 25
0379_0036_0007_0052_0052.jpg 1 36 7 52 52
0380_0010_0005_0059_0059.jpg 1 10 5 59 59
0381_0040_0007_0039_0039.jpg 1 40 7 39 39
0382_0018_0028_0058_0058.jpg 1 18 28 58 58
0383_0028_0056_0034_0034.jpg 1 28 56 34 34
0384_0024_0021_0043_0043.jpg 1 24 21 43 43
0385_0036_0043_0045_0045.jpg 1 36 43 45 45
0386_0018_0006_0036_0036.jpg 1 18 6 36 36
0387_0040_0014_0050_0050.jpg 1 40 14 50 50
0388_0048_0020_0039_0039.jpg 1 48 20 39 39
0389_0020_0043_0036_0036.jpg 1 20 43 36 36
0390_0035_0038_0045_0045.jpg 1 35 38 45 45
0391_0021_0011_0069_0069.jpg 1 21 11 69 69
0392_0008_0067_0024_0024.jpg 1 8 67 24 24
0393_0015_0020_0064_0064.jpg 1 15 20 64 64
0394_0007_0032_0035_0035.jpg 1 7 32 35 35
0395_0020_0034_0056_0056.jpg 1 20 34 56 56
0396_0024_0007_0046_0046.jpg 1 24 7 46 46
0397_0007_0054_0027_0027.jpg 1 7 54 27 27
0398_0027_0026_0056_0056.jpg 1 27 26 56 56
0399_0016_0005_0045_0045.jpg 1 16 5 45 45
0400_0026_0007_0063_0063.jpg 1 26 7 63 63
0401_0023_0020_0061_0061.jpg 1 23 20 61 61
0402_0035_0024_0057_0057.jpg 1 35 24 57 57
0403_0007_0036_0058_0058.jpg 1 7 36 58 58
0404_0026_0009_0050_0050.jpg 1 26 9 50 50
0405_0029_0009_0044_0044.jpg 1 29 9 44 44
0406_0057_0025_0033_0033.jpg 1 57 25 33 33
0407_0030_0021_0030_0030.jpg 1 30 21 30 30
0408_0034_0024_0061_0061.jpg 1 34 24 61 61
0409_0028_0024_0032_0032.jpg 1 28 24 32 32
0410_0035_0042_0043_0043.jpg 1 35 42 43 43
0411_0008_0010_0061_0061.jpg 1 8 10 61 61
0412_0005_0016_0064_0064.jpg 1 5 16 64 64
0413_0018_0007_0045_0045.jpg 1 18 7 45 45
0414_0023_0008_0049_0049.jpg 1 23 8 49 49
0415_0018_0008_0060_0060.jpg 1 18 8 60 60
0416_0013_0031_0051_0051.jpg 1 13 31 51 51
0417_0032_0021_0037_0037.jpg 1 32 21 37 37
0418_0010_0029_0065_0065.jpg 1 10 29 65 65
0419_0039_0047_0044_0044.jpg 1 39 47 44 44
0420_0015_0014_0052_0052.jpg 1 15 14 52 52
0421_0022_0034_0054_0054.jpg 1 22 34 54 54
0422_0020_0012_0038_0038.jpg 1 20 12 38 38
0423_0019_0014_0056_0056.jpg 1 19 14 56 56
0424_0013_0015_0062_0062.jpg 1 13 15 62 62
0425_0021_0014_0063_0063.jpg 1 21 14 63 63
0426_0043_0036_0052_0052.jpg 1 43 36 52 52
0427_0038_0011_0051_0051.jpg 1 38 11 51 51
0428_0022_0028_0061_0061.jpg 1 22 28 61 61
0429_0005_0007_0067_0067.jpg 1 5 7 67 67
0430_0027_0029_0066_0066.jpg 1 27 29 66 66
0431_0011_0008_0047_0047.jpg 1 11 8 47 47
0432_0029_0016_0027_0027.jpg 1 29 16 27 27
0433_0068_0018_0024_0024.jpg 1 68 18 24 24
0434_0035_0040_0024_0024.jpg 1 35 40 24 24
0435_0009_0025_0052_0052.jpg 1 9 25 52 52
0436_0039_0026_0048_0048.jpg 1 39 26 48 48
0437_0037_0025_0054_0054.jpg 1 37 25 54 54
0438_0038_0009_0057_0057.jpg 1 38 9 57 57
0439_0015_0028_0035_0035.jpg 1 15 28 35 35
0440_0031_0021_0059_0059.jpg 1 31 21 59 59
0441_0051_0056_0037_0037.jpg 1 51 56 37 37
0442_0029_0018_0040_0040.jpg 1 29 18 40 40
0443_0009_0025_0035_0035.jpg 1 9 25 35 35
0444_0004_0005_0052_0052.jpg 1 4 5 52 52
0445_0024_0008_0048_0048.jpg 1 24 8 48 48
0446_0017_0016_0068_0068.jpg 1 17 16 68 68
0447_0046_0006_0042_0042.jpg 1 46 6 42 42
0448_0025_0016_0037_0037.jpg 1 25 16 37 37
0449_0014_0033_0052_0052.jpg 1 14 33 52 52
0450_0009_0013_0063_0063.jpg 1 9 13 63 63
0451_0036_0026_0055_0055.jpg 1 36 26 55 55
0452_0016_0006_0065_0065.jpg 1 16 6 65 65
0453_0007_0021_0056_0056.jpg 1 7 21 56 56
0454_0030_0004_0061_0061.jpg 1 30 4 61 61
0455_0017_0008_0061_0061.jpg 1 17 8 61 61
0456_0032_0033_0063_0063.jpg 1 32 33 63 63
0457_0043_0055_0038_0038.jpg 1 43 55 38 38
0458_0006_0015_0052_0052.jpg 1 6 15 52 52
0459_0036_0044_0045_0045.jpg 1 36 44 45 45
0460_0052_0045_0029_0029.jpg 1 52 45 29 29
0461_0035_0011_0056_0056.jpg 1 35 11 56 56
0462_0028_0037_0039_0039.jpg 1 28 37 39 39
0463_0029_0027_0059_0059.jpg 1 29 27 59 59
0464_0035_0038_0054_0054.jpg 1 35 38 54 54
0465_0056_0060_0032_0032.jpg 1 56 60 32 32
0466_0029_0031_0055_0055.jpg 1 29 31 55 55
0467_0017_0024_0050_0050.jpg 1 17 24 50 50
0468_0031_0028_0062_0062.jpg 1 31 28 62 62
0469_0038_0017_0047_0047.jpg 1 38 17 47 47
0470_0013_0036_0046_0046.jpg 1 13 36 46 46
0471_0018_0013_0067_0067.jpg 1 18 13 67 67
0472_0022_0008_0059_0059.jpg 1 22 8 59 59
0473_0006_0036_0039_0039.jpg 1 6 36 39 39
0474_0006_0018_0068_0068.jpg 1 6 18 68 68
0475_0019_0021_0042_0042.jpg 1 19 21 42 42
0476_0041_0033_0053_0053.jpg 1 41 33 53 53
0477_0024_0025_0045_0045.jpg 1 24 25 45 45
0478_0016_0040_0031_0031.jpg 1 16 40 31 31
0479_0023_0023_0043_0043.jpg 1 23 23 43 43
0480_0056_0060_0031_0031.jpg 1 56 60 31 31
0481_0012_0029_0039_0039.jpg 1 12 29 39 39
0482_0035_0043_0037_0037.jpg 1 35 43 37 37
0483_0005_0005_0057_0057.jpg 1 5 5 57 57
0484_0015_0027_0066_0066.jpg 1 15 27 66 66
0485_0021_0010_0039_0039.jpg 1 21 10 39 39
0486_0053_0056_0030_0030.jpg 1 53 56 30 30
0487_0020_0027_0056_0056.jpg 1 20 27 56 56
0488_0037_0033_0057_0057.jpg 1 37 33 57 57
0489_0013_0045_0032_0032.jpg 1 13 45 32 32
0490_0034_0022_0042_0042.jpg 1 34 22 42 42
0491_0029_0031_0058_0058.jpg 1 29 31 58 58
0492_0008_0053_0025_0025.jpg 1 8 53 25 25
0493_0037_0017_0037_0037.jpg 1 37 17 37 37
0494_0052_0021_0029_0029.jpg 1 52 21 29 29
0495_0035_0032_0054_0054.jpg 1 35 32 54 54
0496_0014_0030_0035_0035.jpg 1 14 30 35 35
0497_0038_0019_0033_0033.jpg 1 38 19 33 33
0498_0005_0023_0067_0067.jpg 1 5 23 67 67
0499_0028_0042_0026_0026.jpg 1 28 42 26 26
0500_0047_0011_0033_0033.jpg 1 47 11 33 33
0501_0014_0018_0066_0066.jpg 1 14 18 66 66
0502_0006_0025_0054_0054.jpg 1 6 25 54 54
0503_0019_0038_0053_0053.jpg 1 19 38 53 53
0504_0009_0029_0044_0044.jpg 1 9 29 44 44
0505_0057_0034_0034_0034.jpg 1 57 34 34 34
0506_0006_0019_0045_0045.jpg 1 6 19 45 45
0507_0025_0038_0054_0054.jpg 1 25 38 54 54
0508_0041_0032_0052_0052.jpg 1 41 32 52 52
0509_0032_0030_0032_0032.jpg 1 32 30 32 32
0510_0048_0049_0038_0038.jpg 1 48 49 38 38
0511_0042_0007_0038_0038.jpg 1 42 7 38 38
0512_0023_0004_0065_0065.jpg 1 23 4 65 65
0513_0025_0043_0042_0042.jpg 1 25 43 42 42
0514_0044_0038_0043_0043.jpg 1 44 38 43 43
0515_0026_0003_0069_0069.jpg 1 26 3 69 69
0516_0014_0039_0037_0037.jpg 1 14 39 37 37
0517_0022_0042_0046_0046.jpg 1 22 42 46 46
0518_0036_0020_0045_0045.jpg 1 36 20 45 45
0519_0012_0024_0060_0060.jpg 1 12 24 60 60
0520_0023_0009_0029_0029.jpg 1 23 9 29 29
0521_0051_0047_0040_0040.jpg 1 51 47 40 40
0522_0020_0043_0031_0031.jpg 1 20 43 31 31
0523_0025_0027_0062_0062.jpg 1 25 27 62 62
0524_0020_0012_0034_0034.jpg 1 20 12 34 34
0525_0025_0024_0052_0052.jpg 1 25 24 52 52
0526_0024_0019_0044_0044.jpg 1 24 19 44 44
0527_0010_0040_0053_0053.jpg 1 10 40 53 53
0528_0016_0038_0048_0048.jpg 1 16 38 48 48
0529_0024_0020_0026_0026.jpg 1 24 20 26 26
0530_0006_0005_0068_0068.jpg 1 6 5 68 68
0531_0005_0035_0045_0045.jpg 1 5 35 45 45
0532_0025_0025_0037_0037.jpg 1 25 25 37 37
0533_0004_0025_0060_0060.jpg 1 4 25 60 60
0534_0008_0017_0044_0044.jpg 1 8 17 44 44
0535_0016_0031_0058_0058.jpg 1 16 31 58 58
0536_0024_0038_0045_0045.jpg 1 24 38 45 45
0537_0031_0003_0065_0065.jpg 1 31 3 65 65
0538_0050_0010_0024_0024.jpg 1 50 10 24 24
0539_0034_0046_0045_0045.jpg 1 34 46 45 45
0540_0056_0056_0034_0034.jpg 1 56 56 34 34
0541_0035_0017_0052_0052.jpg 1 35 17 52 52
0542_0006_0038_0051_0051.jpg 1 6 38 51 51
0543_0034_0038_0045_0045.jpg 1 34 38 45 45
0544_0055_0030_0031_0031.jpg 1 55 30 31 31
0545_0016_0005_0057_0057.jpg 1 16 5 57 57
0546_0031_0043_0040_0040.jpg 1 31 43 40 40
0547_0011_0014_0065_0065.jpg 1 11 14 65 65
0548_0026_0020_0058_0058.jpg 1 26 20 58 58
0549_0041_0014_0027_0027.jpg 1 41 14 27 27
0550_0028_0026_0068_0068.jpg 1 28 26 68 68
0551_0028_0043_0048_0048.jpg 1 28 43 48 48
0552_0036_0024_0056_0056.jpg 1 36 24 56 56
0553_0019_0028_0059_0059.jpg 1 19 28 59 59
0554_0029_0048_0025_0025.jpg 1 29 48 25 25
0555_0025_0035_0033_0033.jpg 1 25 35 33 33
0556_0028_0039_0043_0043.jpg 1 28 39 43 43
0557_0037_0018_0052_0052.jpg 1 37 18 52 52
0558_0040_0021_0045_0045.jpg 1 40 21 45 45
0559_0028_0014_0028_0028.jpg 1 28 14 28 28
0560_0017_0007_0033_0033.jpg 1 17 7 33 33
0561_0014_0014_0051_0051.jpg 1 14 14 51 51
0562_0011_0011_0065_0065.jpg 1 11 11 65 65
0563_0006_0034_0034_0034.jpg 1 6 34 34 34
0564_0028_0028_0058_0058.jpg 1 28 28 58 58
0565_0056_0060_0027_0027.jpg 1 56 60 27 27
0566_0021_0011_0068_0068.jpg 1 21 11 68 68
0567_0010_0035_0056_0056.jpg 1 10 35 56 56
0568_0029_0039_0049_0049.jpg 1 29 39 49 49
0569_0022_0023_0036_0036.jpg 1 22 23 36 36
0570_0025_0013_0059_0059.jpg 1 25 13 59 59
0571_0020_0015_0034_0034.jpg 1 20 15 34 34
0572_0058_0034_0030_0030.jpg 1 58 34 30 30
0573_0028_0021_0054_0054.jpg 1 28 21 54 54
0574_0019_0013_0032_0032.jpg 1 19 13 32 32
0575_0048_0022_0039_0039.jpg 1 48 22 39 39
0576_0017_0012_0052_0052.jpg 1 17 12 52 52
0577_0013_0029_0035_0035.jpg 1 13 29 35 35
0578_0009_0031_0039_0039.jpg 1 9 31 39 39
0579_0028_0029_0064_0064.jpg 1 28 29 64 64
0580_0027_0013_0065_0065.jpg 1 27 13 65 65
0581_0013_0018_0025_0025.jpg 1 13 18 25 25
0582_0007_0008_0061_0061.jpg 1 7 8 61 61
0583_0010_0018_0039_0039.jpg 1 10 18 39 39
0584_0053_0032_0032_0032.jpg 1 53 32 32 32
0585_0050_0036_0039_0039.jpg 1 50 36 39 39
0586_0033_0007_0033_0033.jpg 1 33 7 33 33
0587_0025_0054_0034_0034.jpg 1 25 54 34 34
0588_0043_0043_0035_0035.jpg 1 43 43 35 35
0589_0049_0009_0033_0033.jpg 1 49 9 33 33
0590_0025_0050_0042_0042.jpg 1 25 50 42 42
0591_0017_0009_0045_0045.jpg 1 17 9 45 45
0592_0029_0007_0065_0065.jpg 1 29 7 65 65
0593_0025_0023_0060_0060.jpg 1 25 23 60 60
0594_0005_0028_0066_0066.jpg 1 5 28 66 66
0595_0006_0034_0059_0059.jpg 1 6 34 59 59
0596_0047_0014_0037_0037.jpg 1 47 14 37 37
0597_0008_0026_0054_0054.jpg 1 8 26 54 54
0598_0027_0021_0043_0043.jpg 1 27 21 43 43
0599_0019_0028_0067_0067.jpg 1 19 28 67 67
0600_0032_0047_0039_0039.jpg 1 32 47 39 39
0601_0015_0049_0036_0036.jpg 1 15 49 36 36
0602_0012_0019_0065_0065.jpg 1 12 19 65 65
0603_0011_0024_0041_0041.jpg 1 11 24 41 41
0604_0058_0031_0026_0026.jpg 1 58 31 26 26
0605_0019_0009_0036_0036.jpg 1 19 9 36 36
0606_0054_0016_0035_0035.jpg 1 54 16 35 35
0607_0012_0035_0038_0038.jpg 1 12 35 38 38
0608_0004_0014_0068_0068.jpg 1 4 14 68 68
0609_0004_0013_0063_0063.jpg 1 4 13 63 63
0610_0048_0025_0045_0045.jpg 1 48 25 45 45
0611_0023_0025_0039_0039.jpg 1 23 25 39 39
0612_0041_0021_0045_0045.jpg 1 41 21 45 45
0613_0016_0023_0035_0035.jpg 1 16 23 35 35
0614_0040_0037_0032_0032.jpg 1 40 37 32 32
0615_0028_0022_0051_0051.jpg 1 28 22 51 51
0616_0010_0052_0032_0032.jpg 1 10 52 32 32
0617_0015_0022_0069_0069.jpg 1 15 22 69 69
0618_0006_0008_0064_0064.jpg 1 6 8 64 64
0619_0030_0039_0039_0039.jpg 1 30 39 39 39
0620_0047_0009_0041_0041.jpg 1 47 9 41 41
0621_0036_0051_0038_0038.jpg 1 36 51 38 38
0622_0042_0036_0041_0041.jpg 1 42 36 41 41
0623_0037_0039_0032_0032.jpg 1 37 39 32 32
0624_0026_0017_0037_0037.jpg 1 26 17 37 37
0625_0038_0030_0049_0049.jpg 1 38 30 49 49
0626_0058_0034_0034_0034.jpg 1 58 34 34 34
0627_0045_0033_0047_0047.jpg 1 45 33 47 47
0628_0030_0035_0049_0049.jpg 1 30 35 49 49
0629_0008_0006_0047_0047.jpg 1 8 6 47 47
0630_0024_0023_0069_0069.jpg 1 24 23 69 69
0631_0014_0026_0063_0063.jpg 1 14 26 63 63
0632_0016_0041_0046_0046.jpg 1 16 41 46 46
0633_0029_0028_0061_0061.jpg 1 29 28 61 61
0634_0013_0023_0052_0052.jpg 1 13 23 52 52
0635_0054_0026_0038_0038.jpg 1 54 26 38 38
0636_0035_0033_0051_0051.jpg 1 35 33 51 51
0637_0048_0030_0039_0039.jpg 1 48 30 39 39
0638_0018_0020_0067_0067.jpg 1 18 20 67 67
0639_0008_0013_0063_0063.jpg 1 8 13 63 63
0640_0005_0007_0063_0063.jpg 1 5 7 63 63
0641_0015_0005_0046_0046.jpg 1 15 5 46 46
0642_0022_0006_0068_0068.jpg 1 22 6 68 68
0643_0023_0026_0056_0056.jpg 1 23 26 56 56
0644_0033_0038_0028_0028.jpg 1 33 38 28 28
0645_0006_0035_0055_0055.jpg 1 6 35 55 55
0646_0057_0046_0034_0034.jpg 1 57 46 34 34
0647_0030_0014_0059_0059.jpg 1 30 14 59 59
0648_0029_0037_0043_0043.jpg 1 29 37 43 43
0649_0023_0027_0053_0053.jpg 1 23 27 53 53
0650_0043_0046_0031_0031.jpg 1 43 46 31 31
0651_0015_0019_0069_0069.jpg 1 15 19 69 69
0652_0006_0042_0047_0047.jpg 1 6 42 47 47
0653_0020_0010_0062_0062.jpg 1 20 10 62 62
0654_0018_0043_0051_0051.jpg 1 18 43 51 51
0655_0004_0022_0053_0053.jpg 1 4 22 53 53
0656_0045_0024_0027_0027.jpg 1 45 24 27 27
0657_0033_0021_0060_0060.jpg 1 33 21 60 60
0658_0014_0020_0068_0068.jpg 1 14 20 68 68
0659_0014_0020_0063_0063.jpg 1 14 20 63 63
0660_0011_0035_0033_0033.jpg 1 11 35 33 33
0661_0045_0025_0047_0047.jpg 1 45 25 47 47
0662_0013_0015_0061_0061.jpg 1 13 15 61 61
0663_0009_0007_0065_0065.jpg 1 9 7 65 65
0664_0030_0034_0055_0055.jpg 1 30 34 55 55
0665_0018_0018_0062_0062.jpg 1 18 18 62 62
0666_0057_0040_0026_0026.jpg 1 57 40 26 26
0667_0028_0007_0046_0046.jpg 1 28 7 46 46
0668_0032_0027_0045_0045.jpg 1 32 27 45 45
0669_0025_0004_0061_0061.jpg 1 25 4 61 61
0670_0035_0005_0045_0045.jpg 1 35 5 45 45
0671_0039_0020_0040_0040.jpg 1 39 20 40 40
0672_0011_0012_0068_0068.jpg 1 11 12 68 68
0673_0008_0051_0027_0027.jpg 1 8 51 27 27
0674_0057_0013_0024_0024.jpg 1 57 13 24 24
0675_0012_0024_0043_0043.jpg 1 12 24 43 43
0676_0040_0047_0045_0045.jpg 1 40 47 45 45
0677_0058_0009_0034_0034.jpg 1 58 9 34 34
0678_0042_0020_0030_0030.jpg 1 42 20 30 30
0679_0029_0040_0036_0036.jpg 1 29 40 36 36
0680_0015_0008_0048_0048.jpg 1 15 8 48 48
0681_0013_0021_0034_0034.jpg 1 13 21 34 34
0682_0040_0015_0037_0037.jpg 1 40 15 37 37
0683_0008_0031_0049_0049.jpg 1 8 31 49 49
0684_0010_0013_0037_0037.jpg 1 10 13 37 37
0685_0032_0014_0057_0057.jpg 1 32 14 57 57
0686_0038_0033_0034_0034.jpg 1 38 33 34 34
0687_0022_0032_0037_0037.jpg 1 22 32 37 37
0688_0021_0014_0066_0066.jpg 1 21 14 66 66
0689_0014_0036_0044_0044.jpg 1 14 36 44 44
0690_0006_0048_0039_0039.jpg 1 6 48 39 39
0691_0010_0028_0036_0036.jpg 1 10 28 36 36
0692_0010_0017_0067_0067.jpg 1 10 17 67 67
0693_0042_0014_0051_0051.jpg 1 42 14 51 51
0694_0025_0033_0027_0027.jpg 1 25 33 27 27
0695_0043_0044_0045_0045.jpg 1 43 44 45 45
0696_0041_0038_0052_0052.jpg 1 41 38 52 52
0697_0026_0020_0034_0034.jpg 1 26 20 34 34
0698_0035_0020_0042_0042.jpg 1 35 20 42 42
0699_0035_0009_0038_0038.jpg 1 35 9 38 38
0700_0025_0044_0039_0039.jpg 1 25 44 39 39
0701_0043_0042_0051_0051.jpg 1 43 42 51 51
0702_0021_0023_0069_0069.jpg 1 21 23 69 69
0703_0030_0024_0035_0035.jpg 1 30 24 35 35
0704_0024_0007_0067_0067.jpg 1 24 7 67 67
0705_0030_0043_0047_0047.jpg 1 30 43 47 47
0706_0028_0035_0057_0057.jpg 1 28 35 57 57
0707_0028_0018_0064_0064.jpg 1 28 18 64 64
0708_0047_0038_0035_0035.jpg 1 47 38 35 35
0709_0009_0010_0062_0062.jpg 1 9 10 62 62
0710_0014_0040_0027_0027.jpg 1 14 40 27 27
0711_0017_0016_0047_0047.jpg 1 17 16 47 47
0712_0017_0010_0032_0032.jpg 1 17 10 32 32
0713_0026_0011_0054_0054.jpg 1 26 11 54 54
0714_0035_0012_0042_0042.jpg 1 35 12 42 42
0715_0005_0023_0046_0046.jpg 1 5 23 46 46
0716_0008_0049_0042_0042.jpg 1 8 49 42 42
0717_0023_0015_0064_0064.jpg 1 23 15 64 64
0718_0008_0040_0043_0043.jpg 1 8 40 43 43
0719_0014_0027_0048_0048.jpg 1 14 27 48 48
0720_0022_0033_0046_0046.jpg 1 22 33 46 46
0721_0046_0022_0043_0043.jpg 1 46 22 43 43
0722_0010_0035_0045_0045.jpg 1 10 35 45 45
0723_0050_0008_0030_0030.jpg 1 50 8 30 30
0724_0010_0045_0043_0043.jpg 1 10 45 43 43
0725_0018_0027_0055_0055.jpg 1 18 27 55 55
0726_0012_0019_0069_0069.jpg 1 12 19 69 69
0727_0004_0022_0069_0069.jpg 1 4 22 69 69
0728_0026_0004_0067_0067.jpg 1 26 4 67 67
0729_0023_0013_0066_0066.jpg 1 23 13 66 66
0730_0007_0014_0061_0061.jpg 1 7 14 61 61
0731_0049_0022_0034_0034.jpg 1 49 22 34 34
0732_0005_0022_0063_0063.jpg 1 5 22 63 63
0733_0042_0028_0051_0051.jpg 1 42 28 51 51
0734_0011_0028_0054_0054.jpg 1 11 28 54 54
0735_0008_0010_0067_0067.jpg 1 8 10 67 67
0736_0027_0029_0047_0047.jpg 1 27 29 47 47
0737_0011_0027_0058_0058.jpg 1 11 27 58 58
0738_0051_0011_0038_0038.jpg 1 51 11 38 38
0739_0026_0039_0047_0047.jpg 1 26 39 47 47
0740_0032_0041_0028_0028.jpg 1 32 41 28 28
0741_0045_0036_0042_0042.jpg 1 45 36 42 42
0742_0054_0022_0033_0033.jpg 1 54 22 33 33
0743_0003_0027_0066_0066.jpg 1 3 27 66 66
0744_0028_0046_0027_0027.jpg 1 28 46 27 27
0745_0008_0020_0064_0064.jpg 1 8 20 64 64
0746_0005_0008_0055_0055.jpg 1 5 8 55 55
0747_0059_0049_0033_0033.jpg 1 59 49 33 33
0748_0045_0019_0047_0047.jpg 1 45 19 47 47
0749_0024_0052_0035_0035.jpg 1 24 52 35 35
0750_0014_0020_0040_0040.jpg 1 14 20 40 40
0751_0019_0012_0060_0060.jpg 1 19 12 60 60
0752_0041_0006_0045_0045.jpg 1 41 6 45 45
0753_0013_0037_0053_0053.jpg 1 13 37 53 53
0754_0015_0031_0049_0049.jpg 1 15 31 49 49
0755_0010_0008_0065_0065.jpg 1 10 8 65 65
0756_0034_0031_0039_0039.jpg 1 34 31 39 39
0757_0018_0038_0056_0056.jpg 1 18 38 56 56
0758_0041_0024_0054_0054.jpg 1 41 24 54 54
0759_0018_0021_0064_0064.jpg 1 18 21 64 64
0760_0031_0023_0039_0039.jpg 1 31 23 39 39
0761_0028_0007_0063_0063.jpg 1 28 7 63 63
0762_0038_0012_0046_0046.jpg 1 38 12 46 46
0763_0043_0024_0051_0051.jpg 1 43 24 51 51
0764_0026_0006_0057_0057.jpg 1 26 6 57 57
0765_0031_0011_0060_0060.jpg 1 31 11 60 60
0766_0025_0005_0054_0054.jpg 1 25 5 54 54
0767_0022_0027_0064_0064.jpg 1 22 27 64 64
0768_0027_0038_0037_0037.jpg 1 27 38 37 37
0769_0008_0020_0056_0056.jpg 1 8 20 56 56
0770_0026_0010_0067_0067.jpg 1 26 10 67 67
0771_0029_0004_0057_0057.jpg 1 29 4 57 57
0772_0029_0036_0057_0057.jpg 1 29 36 57 57
0773_0012_0023_0063_0063.jpg 1 12 23 63 63
0774_0020_0037_0057_0057.jpg 1 20 37 57 57
0775_0014_0014_0065_0065.jpg 1 14 14 65 65
0776_0024_0031_0064_0064.jpg 1 24 31 64 64
0777_0006_0029_0059_0059.jpg 1 6 29 59 59
0778_0021_0040_0037_0037.jpg 1 21 40 37 37
0779_0050_0038_0029_0029.jpg 1 50 38 29 29
0780_0042_0022_0037_0037.jpg 1 42 22 37 37
0781_0006_0038_0057_0057.jpg 1 6 38 57 57
0782_0030_0042_0033_0033.jpg 1 30 42 33 33
0783_0041_0030_0046_0046.jpg 1 41 30 46 46
0784_0046_0030_0046_0046.jpg 1 46 30 46 46
0785_0036_0036_0026_0026.jpg 1 36 36 26 26
0786_0034_0015_0059_0059.jpg 1 34 15 59 59
0787_0007_0019_0068_0068.jpg 1 7 19 68 68
0788_0039_0033_0039_0039.jpg 1 39 33 39 39
0789_0016_0024_0050_0050.jpg 1 16 24 50 50
0790_0036_0037_0038_0038.jpg 1 36 37 38 38
0791_0044_0013_0050_0050.jpg 1 44 13 50 50
0792_0044_0044_0044_0044.jpg 1 44 44 44 44
0793_0025_0023_0068_0068.jpg 1 25 23 68 68
0794_0006_0018_0050_0050.jpg 1 6 18 50 50
0795_0026_0017_0065_0065.jpg 1 26 17 65 65
0796_0009_0010_0051_0051.jpg 1 9 10 51 51
0797_0062_0015_0026_0026.jpg 1 62 15 26 26
0798_0026_0035_0031_0031.jpg 1 26 35 31 31
0799_0030_0041_0045_0045.jpg 1 30 41 45 45
0800_0016_0013_0069_0069.jpg 1 16 13 69 69
0801_0032_0031_0037_0037.jpg 1 32 31 37 37
0802_0007_0031_0060_0060.jpg 1 7 31 60 60
0803_0010_0026_0069_0069.jpg 1 10 26 69 69
0804_0025_0026_0059_0059.jpg 1 25 26 59 59
0805_0046_0038_0029_0029.jpg 1 46 38 29 29
0806_0013_0007_0060_0060.jpg 1 13 7 60 60
0807_0007_0019_0065_0065.jpg 1 7 19 65 65
0808_0021_0057_0035_0035.jpg 1 21 57 35 35
0809_0034_0008_0037_0037.jpg 1 34 8 37 37
0810_0050_0021_0042_0042.jpg 1 50 21 42 42
0811_0007_0022_0054_0054.jpg 1 7 22 54 54
0812_0021_0050_0044_0044.jpg 1 21 50 44 44
0813_0008_0008_0035_0035.jpg 1 8 8 35 35
0814_0026_0029_0031_0031.jpg 1 26 29 31 31
0815_0064_0021_0027_0027.jpg 1 64 21 27 27
0816_0046_0025_0036_0036.jpg 1 46 25 36 36
0817_0039_0026_0049_0049.jpg 1 39 26 49 49
0818_0037_0020_0037_0037.jpg 1 37 20 37 37
0819_0015_0013_0058_0058.jpg 1 15 13 58 58
0820_0031_0009_0028_0028.jpg 1 31 9 28 28
0821_0020_0035_0034_0034.jpg 1 20 35 34 34
0822_0050_0035_0028_0028.jpg 1 50 35 28 28
0823_0013_0021_0046_0046.jpg 1 13 21 46 46
0824_0025_0019_0069_0069.jpg 1 25 19 69 69
0825_0011_0048_0029_0029.jpg 1 11 48 29 29
0826_0029_0026_0036_0036.jpg 1 29 26 36 36
0827_0007_0009_0048_0048.jpg 1 7 9 48 48
0828_0030_0057_0031_0031.jpg 1 30 57 31 31
0829_0026_0038_0038_0038.jpg 1 26 38 38 38
0830_0006_0037_0039_0039.jpg 1 6 37 39 39
0831_0044_0011_0029_0029.jpg 1 44 11 29 29
0832_0047_0057_0036_0036.jpg 1 47 57 36 36
0833_0034_0009_0044_0044.jpg 1 34 9 44 44
0834_0014_0038_0025_0025.jpg 1 14 38 25 25
0835_0039_0020_0055_0055.jpg 1 39 20 55 55
0836_0009_0028_0065_0065.jpg 1 9 28 65 65
0837_0024_0041_0029_0029.jpg 1 24 41 29 29
0838_0039_0017_0050_0050.jpg 1 39 17 50 50
0839_0006_0013_0039_0039.jpg 1 6 13 39 39
0840_0004_0025_0064_0064.jpg 1 4 25 64 64
0841_0046_0040_0039_0039.jpg 1 46 40 39 39
0842_0033_0043_0032_0032.jpg 1 33 43 32 32
0843_0040_0028_0035_0035.jpg 1 40 28 35 35
0844_0038_0020_0050_0050.jpg 1 38 20 50 50
0845_0023_0015_0057_0057.jpg 1 23 15 57 57
0846_0023_0009_0040_0040.jpg 1 23 9 40 40
0847_0021_0004_0066_0066.jpg 1 21 4 66 66
0848_0016_0025_0045_0045.jpg 1 16 25 45 45
0849_0041_0023_0026_0026.jpg 1 41 23 26 26
0850_0046_0007_0036_0036.jpg 1 46 7 36 36
0851_0019_0033_0056_0056.jpg 1 19 33 56 56
0852_0044_0055_0037_0037.jpg 1 44 55 37 37
0853_0028_0021_0049_0049.jpg 1 28 21 49 49
0854_0055_0042_0031_0031.jpg 1 55 42 31 31
0855_0061_0059_0025_0025.jpg 1 61 59 25 25
0856_0026_0031_0052_0052.jpg 1 26 31 52 52
0857_0041_0016_0037_0037.jpg 1 41 16 37 37
0858_0021_0035_0056_0056.jpg 1 21 35 56 56
0859_0013_0005_0067_0067.jpg 1 13 5 67 67
0860_0042_0032_0026_0026.jpg 1 42 32 26 26
0861_0027_0006_0046_0046.jpg 1 27 6 46 46
0862_0006_0051_0041_0041.jpg 1 6 51 41 41
0863_0039_0025_0036_0036.jpg 1 39 25 36 36
0864_0011_0015_0060_0060.jpg 1 11 15 60 60
0865_0052_0040_0026_0026.jpg 1 52 40 26 26
0866_0014_0027_0061_0061.jpg 1 14 27 61 61
0867_0029_0019_0035_0035.jpg 1 29 19 35 35
0868_0013_0022_0061_0061.jpg 1 13 22 61 61
0869_0015_0007_0059_0059.jpg 1 15 7 59 59
0870_0040_0010_0035_0035.jpg 1 40 10 35 35
0871_0031_0042_0053_0053.jpg 1 31 42 53 53
0872_0047_0022_0042_0042.jpg 1 47 22 42 42
0873_0007_0004_0062_0062.jpg 1 7 4 62 62
0874_0015_0010_0062_0062.jpg 1 15 10 62 62
0875_0018_0012_0037_0037.jpg 1 18 12 37 37
0876_0013_0029_0043_0043.jpg 1 13 29 43 43
0877_0053_0015_0028_0028.jpg 1 53 15 28 28
0878_0068_0019_0024_0024.jpg 1 68 19 24 24
0879_0033_0039_0046_0046.jpg 1 33 39 46 46
0880_0017_0033_0057_0057.jpg 1 17 33 57 57
0881_0042_0005_0047_0047.jpg 1 42 5 47 47
0882_0029_0006_0066_0066.jpg 1 29 6 66 66
0883_0018_0011_0034_0034.jpg 1 18 11 34 34
0884_0031_0022_0051_0051.jpg 1 31 22 51 51
0885_0023_0020_0047_0047.jpg 1 23 20 47 47
0886_0021_0027_0057_0057.jpg 1 21 27 57 57
0887_0034_0023_0054_0054.jpg 1 34 23 54 54
0888_0025_0005_0069_0069.jpg 1 25 5 69 69
0889_0052_0029_0040_0040.jpg 1 52 29 40 40
0890_0042_0028_0028_0028.jpg 1 42 28 28 28
0891_0032_0014_0047_0047.jpg 1 32 14 47 47
0892_0017_0020_0069_0069.jpg 1 17 20 69 69
0893_0025_0030_0048_0048.jpg 1 25 30 48 48
0894_0045_0007_0043_0043.jpg 1 45 7 43 43
0895_0019_0030_0040_0040.jpg 1 19 30 40 40
0896_0049_0036_0035_0035.jpg 1 49 36 35 35
0897_0012_0017_0027_0027.jpg 1 12 17 27 27
0898_0020_0010_0039_0039.jpg 1 20 10 39 39
0899_0035_0018_0027_0027.jpg 1 35 18 27 27
0900_0008_0052_0032_0032.jpg 1 8 52 32 32
0901_0011_0029_0024_0024.jpg 1 11 29 24 24
0902_0007_0027_0069_0069.jpg 1 7 27 69 69
0903_0006_0054_0032_0032.jpg 1 6 54 32 32
0904_0043_0039_0048_0048.jpg 1 43 39 48 48
0905_0027_0016_0057_0057.jpg 1 27 16 57 57
0906_0010_0027_0047_0047.jpg 1 10 27 47 47
0907_0035_0028_0035_0035.jpg 1 35 28 35 35
0908_0017_0023_0052_0052.jpg 1 17 23 52 52
0909_0008_0047_0036_0036.jpg 1 8 47 36 36
0910_0042_0023_0036_0036.jpg 1 42 23 36 36
0911_0041_0021_0032_0032.jpg 1 41 21 32 32
0912_0009_0025_0059_0059.jpg 1 9 25 59 59
0913_0004_0005_0062_0062.jpg 1 4 5 62 62
0914_0032_0011_0040_0040.jpg 1 32 11 40 40
0915_0018_0034_0058_0058.jpg 1 18 34 58 58
0916_0009_0022_0055_0055.jpg 1 9 22 55 55
0917_0011_0052_0024_0024.jpg 1 11 52 24 24
0918_0004_0005_0067_0067.jpg 1 4 5 67 67
0919_0025_0006_0059_0059.jpg 1 25 6 59 59
0920_0031_0033_0059_0059.jpg 1 31 33 59 59
0921_0013_0052_0037_0037.jpg 1 13 52 37 37
0922_0018_0020_0050_0050.jpg 1 18 20 50 50
0923_0021_0016_0055_0055.jpg 1 21 16 55 55
0924_0020_0037_0052_0052.jpg 1 20 37 52 52
0925_0032_0037_0039_0039.jpg 1 32 37 39 39
0926_0007_0019_0054_0054.jpg 1 7 19 54 54
0927_0014_0013_0059_0059.jpg 1 14 13 59 59
0928_0033_0041_0036_0036.jpg 1 33 41 36 36
0929_0045_0016_0042_0042.jpg 1 45 16 42 42
0930_0018_0007_0058_0058.jpg 1 18 7 58 58
0931_0035_0007_0052_0052.jpg 1 35 7 52 52
0932_0015_0029_0054_0054.jpg 1 15 29 54 54
0933_0027_0026_0058_0058.jpg 1 27 26 58 58
0934_0026_0017_0068_0068.jpg 1 26 17 68 68
0935_0032_0032_0044_0044.jpg 1 32 32 44 44
0936_0004_0009_0066_0066.jpg 1 4 9 66 66
0937_0023_0029_0066_0066.jpg 1 23 29 66 66
0938_0014_0013_0040_0040.jpg 1 14 13 40 40
0939_0019_0008_0047_0047.jpg 1 19 8 47 47
0940_0012_0012_0063_0063.jpg 1 12 12 63 63
0941_0034_0038_0032_0032.jpg 1 34 38 32 32
0942_0006_0008_0037_0037.jpg 1 6 8 37 37
0943_0022_0019_0044_0044.jpg 1 22 19 44 44
0944_0035_0051_0034_0034.jpg 1 35 51 34 34
0945_0009_0023_0066_0066.jpg 1 9 23 66 66
0946_0007_0021_0060_0060.jpg 1 7 21 60 60
0947_0032_0005_0055_0055.jpg 1 32 5 55 55
0948_0017_0014_0033_0033.jpg 1 17 14 33 33
0949_0022_0023_0068_0068.jpg 1 22 23 68 68
0950_0004_0014_0068_0068.jpg 1 4 14 68 68
0951_0010_0016_0060_0060.jpg 1 10 16 60 60
0952_0019_0009_0054_0054.jpg 1 19 9 54 54
0953_0013_0023_0068_0068.jpg 1 13 23 68 68
0954_0010_0029_0040_0040.jpg 1 10 29 40 40
0955_0021_0010_0064_0064.jpg 1 21 10 64 64
0956_0005_0037_0052_0052.jpg 1 5 37 52 52
0957_0033_0018_0061_0061.jpg 1 33 18 61 61
0958_0010_0036_0036_0036.jpg 1 10 36 36 36
0959_0014_0016_0068_0068.jpg 1 14 16 68 68
0960_0018_0035_0050_0050.jpg 1 18 35 50 50
0961_0010_0004_0069_0069.jpg 1 10 4 69 69
0962_0020_0024_0035_0035.jpg 1 20 24 35 35
0963_0012_0038_0038_0038.jpg 1 12 38 38 38
0964_0006_0007_0066_0066.jpg 1 6 7 66 66
0965_0016_0012_0065_0065.jpg 1 16 12 65 65
0966_0021_0023_0040_0040.jpg 1 21 23 40 40
0967_0011_0032_0062_0062.jpg 1 11 32 62 62
0968_0022_0036_0034_0034.jpg 1 22 36 34 34
0969_0033_0013_0038_0038.jpg 1 33 13 38 38
0970_0006_0029_0050_0050.jpg 1 6 29 50 50
0971_0018_0043_0047_0047.jpg 1 18 43 47 47
0972_0005_0004_0060_0060.jpg 1 5 4 60 60
0973_0018_0030_0058_0058.jpg 1 18 30 58 58
0974_0024_0050_0036_0036.jpg 1 24 50 36 36
0975_0026_0028_0054_0054.jpg 1 26 28 54 54
0976_0021_0021_0060_0060.jpg 1 21 21 60 60
0977_0028_0013_0057_0057.jpg 1 28 13 57 57
0978_0010_0051_0041_0041.jpg 1 10 51 41 41
0979_0007_0018_0044_0044.jpg 1 7 18 44 44
0980_0026_0017_0063_0063.jpg 1 26 17 63 63
0981_0040_0050_0037_0037.jpg 1 40 50 37 37
0982_0027_0011_0069_0069.jpg 1 27 11 69 69
0983_0015_0020_0030_0030.jpg 1 15 20 30 30
0984_0034_0047_0039_0039.jpg 1 34 47 39 39
0985_0008_0023_0039_0039.jpg 1 8 23 39 39
0986_0022_0013_0050_0050.jpg 1 22 13 50 50
0987_0041_0034_0048_0048.jpg 1 41 34 48 48
0988_0019_0033_0054_0054.jpg 1 19 33 54 54
0989_0028_0013_0066_0066.jpg 1 28 13 66 66
0990_0023_0013_0043_0043.jpg 1 23 13 43 43
0991_0026_0052_0039_0039.jpg 1 26 52 39 39
0992_0011_0029_0061_0061.jpg 1 11 29 61 61
0993_0026_0036_0057_0057.jpg 1 26 36 57 57
0994_0010_0011_0069_0069.jpg 1 10 11 69 69
0995_0014_0036_0048_0048.jpg 1 14 36 48 48
0996_0021_0017_0053_0053.jpg 1 21 17 53 53
0997_0034_0035_0042_0042.jpg 1 34 35 42 42
0998_0050_0052_0038_0038.jpg 1 50 52 38 38
0999_0027_0028_0058_0058.jpg 1 27 28 58 58
1000_0042_0056_0031_0031.jpg 1 42 56 31 31
