0001_0032_0014_0037_0037.jpg 1 32 14 37 37
0002_0038_0010_0040_0040.jpg 1 38 10 40 40
0003_0021_0057_0032_0032.jpg 1 21 57 32 32
0004_0032_0042_0038_0038.jpg 1 32 42 38 38
0005_0035_0014_0035_0035.jpg 1 35 14 35 35
0006_0051_0049_0032_0032.jpg 1 51 49 32 32
0007_0033_0023_0048_0048.jpg 1 33 23 48 48
0008_0005_0029_0067_0067.jpg 1 5 29 67 67
0009_0016_0010_0068_0068.jpg 1 16 10 68 68
0010_0029_0013_0030_0030.jpg 1 29 13 30 30
0011_0021_0024_0066_0066.jpg 1 21 24 66 66
0012_0017_0008_0049_0049.jpg 1 17 8 49 49
0013_0011_0024_0025_0025.jpg 1 11 24 25 25
0014_0014_0007_0066_0066.jpg 1 14 7 66 66
0015_0018_0008_0069_0069.jpg 1 18 8 69 69
0016_0019_0016_0068_0068.jpg 1 19 16 68 68
0017_0006_0009_0053_0053.jpg 1 6 9 53 53
0018_0050_0033_0043_0043.jpg 1 50 33 43 43
0019_0016_0019_0069_0069.jpg 1 16 19 69 69
0020_0058_0055_0034_0034.jpg 1 58 55 34 34
0021_0005_0041_0046_0046.jpg 1 5 41 46 46
0022_0027_0027_0060_0060.jpg 1 27 27 60 60
0023_0007_0027_0044_0044.jpg 1 7 27 44 44
0024_0038_0047_0046_0046.jpg 1 38 47 46 46
0025_0023_0025_0047_0047.jpg 1 23 25 47 47
0026_0014_0022_0032_0032.jpg 1 14 22 32 32
0027_0012_0036_0034_0034.jpg 1 12 36 34 34
0028_0018_0008_0066_0066.jpg 1 18 8 66 66
0029_0009_0029_0065_0065.jpg 1 9 29 65 65
0030_0033_0013_0057_0057.jpg 1 33 13 57 57
0031_0016_0008_0040_0040.jpg 1 16 8 40 40
0032_0015_0037_0048_0048.jpg 1 15 37 48 48
0033_0004_0022_0068_0068.jpg 1 4 22 68 68
0034_0014_0054_0036_0036.jpg 1 14 54 36 36
0035_0028_0010_0061_0061.jpg 1 28 10 61 61
0036_0043_0049_0026_0026.jpg 1 43 49 26 26
0037_0025_0008_0064_0064.jpg 1 25 8 64 64
0038_0021_0032_0042_0042.jpg 1 21 32 42 42
0039_0030_0019_0046_0046.jpg 1 30 19 46 46
0040_0019_0014_0062_0062.jpg 1 19 14 62 62
0041_0025_0032_0057_0057.jpg 1 25 32 57 57
0042_0008_0026_0035_0035.jpg 1 8 26 35 35
0043_0011_0045_0028_0028.jpg 1 11 45 28 28
0044_0019_0021_0057_0057.jpg 1 19 21 57 57
0045_0049_0043_0035_0035.jpg 1 49 43 35 35
0046_0033_0027_0039_0039.jpg 1 33 27 39 39
0047_0024_0010_0065_0065.jpg 1 24 10 65 65
0048_0021_0007_0068_0068.jpg 1 21 7 68 68
0049_0030_0006_0060_0060.jpg 1 30 6 60 60
0050_0022_0024_0046_0046.jpg 1 22 24 46 46
0051_0025_0026_0059_0059.jpg 1 25 26 59 59
0052_0028_0016_0067_0067.jpg 1 28 16 67 67
0053_0049_0021_0030_0030.jpg 1 49 21 30 30
0054_0019_0028_0058_0058.jpg 1 19 28 58 58
0055_0017_0009_0066_0066.jpg 1 17 9 66 66
0056_0034_0042_0034_0034.jpg 1 34 42 34 34
0057_0036_0030_0043_0043.jpg 1 36 30 43 43
0058_0037_0007_0031_0031.jpg 1 37 7 31 31
0059_0015_0017_0062_0062.jpg 1 15 17 62 62
0060_0041_0039_0041_0041.jpg 1 41 39 41 41
0061_0005_0004_0068_0068.jpg 1 5 4 68 68
0062_0028_0016_0056_0056.jpg 1 28 16 56 56
0063_0050_0021_0031_0031.jpg 1 50 21 31 31
0064_0017_0017_0059_0059.jpg 1 17 17 59 59
0065_0018_0042_0033_0033.jpg 1 18 42 33 33
0066_0031_0058_0032_0032.jpg 1 31 58 32 32
0067_0016_0034_0048_0048.jpg 1 16 34 48 48
0068_0007_0011_0050_0050.jpg 1 7 11 50 50
0069_0025_0043_0044_0044.jpg 1 25 43 44 44
0070_0036_0017_0025_0025.jpg 1 36 17 25 25
0071_0033_0043_0046_0046.jpg 1 33 43 46 46
0072_0024_0044_0046_0046.jpg 1 24 44 46 46
0073_0022_0016_0066_0066.jpg 1 22 16 66 66
0074_0041_0017_0036_0036.jpg 1 41 17 36 36
0075_0028_0042_0040_0040.jpg 1 28 42 40 40
0076_0030_0034_0059_0059.jpg 1 30 34 59 59
0077_0034_0042_0048_0048.jpg 1 34 42 48 48
0078_0045_0014_0038_0038.jpg 1 45 14 38 38
0079_0025_0013_0028_0028.jpg 1 25 13 28 28
0080_0026_0053_0025_0025.jpg 1 26 53 25 25
0081_0021_0023_0057_0057.jpg 1 21 23 57 57
0082_0018_0024_0066_0066.jpg 1 18 24 66 66
0083_0021_0028_0031_0031.jpg 1 21 28 31 31
0084_0035_0012_0027_0027.jpg 1 35 12 27 27
0085_0039_0007_0046_0046.jpg 1 39 7 46 46
0086_0008_0011_0068_0068.jpg 1 8 11 68 68
0087_0014_0030_0044_0044.jpg 1 14 30 44 44
0088_0016_0020_0063_0063.jpg 1 16 20 63 63
0089_0020_0064_0025_0025.jpg 1 20 64 25 25
0090_0048_0033_0042_0042.jpg 1 48 33 42 42
0091_0017_0064_0025_0025.jpg 1 17 64 25 25
0092_0023_0045_0038_0038.jpg 1 23 45 38 38
0093_0029_0023_0062_0062.jpg 1 29 23 62 62
0094_0063_0043_0029_0029.jpg 1 63 43 29 29
0095_0050_0021_0034_0034.jpg 1 50 21 34 34
0096_0049_0007_0034_0034.jpg 1 49 7 34 34
0097_0028_0017_0045_0045.jpg 1 28 17 45 45
0098_0016_0027_0060_0060.jpg 1 16 27 60 60
0099_0044_0022_0039_0039.jpg 1 44 22 39 39
0100_0020_0017_0029_0029.jpg 1 20 17 29 29
0101_0014_0031_0043_0043.jpg 1 14 31 43 43
0102_0004_0009_0059_0059.jpg 1 4 9 59 59
0103_0044_0045_0047_0047.jpg 1 44 45 47 47
0104_0016_0047_0030_0030.jpg 1 16 47 30 30
0105_0026_0049_0025_0025.jpg 1 26 49 25 25
0106_0008_0009_0066_0066.jpg 1 8 9 66 66
0107_0034_0035_0057_0057.jpg 1 34 35 57 57
0108_0022_0015_0065_0065.jpg 1 22 15 65 65
0109_0017_0017_0039_0039.jpg 1 17 17 39 39
0110_0039_0042_0051_0051.jpg 1 39 42 51 51
0111_0019_0035_0049_0049.jpg 1 19 35 49 49
0112_0043_0024_0042_0042.jpg 1 43 24 42 42
0113_0018_0026_0068_0068.jpg 1 18 26 68 68
0114_0015_0012_0043_0043.jpg 1 15 12 43 43
0115_0031_0042_0030_0030.jpg 1 31 42 30 30
0116_0030_0028_0062_0062.jpg 1 30 28 62 62
0117_0018_0017_0068_0068.jpg 1 18 17 68 68
0118_0049_0013_0031_0031.jpg 1 49 13 31 31
0119_0005_0011_0068_0068.jpg 1 5 11 68 68
0120_0035_0037_0051_0051.jpg 1 35 37 51 51
0121_0022_0006_0059_0059.jpg 1 22 6 59 59
0122_0041_0028_0054_0054.jpg 1 41 28 54 54
0123_0019_0034_0061_0061.jpg 1 19 34 61 61
0124_0019_0017_0067_0067.jpg 1 19 17 67 67
0125_0004_0004_0069_0069.jpg 1 4 4 69 69
0126_0023_0032_0057_0057.jpg 1 23 32 57 57
0127_0019_0043_0050_0050.jpg 1 19 43 50 50
0128_0050_0049_0027_0027.jpg 1 50 49 27 27
0129_0033_0054_0036_0036.jpg 1 33 54 36 36
0130_0025_0029_0063_0063.jpg 1 25 29 63 63
0131_0025_0055_0033_0033.jpg 1 25 55 33 33
0132_0014_0027_0066_0066.jpg 1 14 27 66 66
0133_0031_0041_0038_0038.jpg 1 31 41 38 38
0134_0043_0014_0040_0040.jpg 1 43 14 40 40
0135_0024_0021_0049_0049.jpg 1 24 21 49 49
0136_0066_0062_0024_0024.jpg 1 66 62 24 24
0137_0005_0037_0049_0049.jpg 1 5 37 49 49
0138_0011_0028_0068_0068.jpg 1 11 28 68 68
0139_0028_0061_0031_0031.jpg 1 28 61 31 31
0140_0025_0014_0039_0039.jpg 1 25 14 39 39
0141_0007_0009_0032_0032.jpg 1 7 9 32 32
0142_0020_0013_0067_0067.jpg 1 20 13 67 67
0143_0051_0055_0036_0036.jpg 1 51 55 36 36
0144_0030_0017_0037_0037.jpg 1 30 17 37 37
0145_0020_0014_0068_0068.jpg 1 20 14 68 68
0146_0011_0011_0058_0058.jpg 1 11 11 58 58
0147_0010_0013_0055_0055.jpg 1 10 13 55 55
0148_0021_0037_0047_0047.jpg 1 21 37 47 47
0149_0053_0016_0028_0028.jpg 1 53 16 28 28
0150_0062_0050_0027_0027.jpg 1 62 50 27 27
0151_0017_0023_0046_0046.jpg 1 17 23 46 46
0152_0037_0022_0054_0054.jpg 1 37 22 54 54
0153_0021_0020_0031_0031.jpg 1 21 20 31 31
0154_0026_0032_0055_0055.jpg 1 26 32 55 55
0155_0031_0025_0030_0030.jpg 1 31 25 30 30
0156_0040_0005_0047_0047.jpg 1 40 5 47 47
0157_0011_0021_0064_0064.jpg 1 11 21 64 64
0158_0016_0030_0034_0034.jpg 1 16 30 34 34
0159_0030_0016_0031_0031.jpg 1 30 16 31 31
0160_0023_0030_0051_0051.jpg 1 23 30 51 51
0161_0053_0007_0027_0027.jpg 1 53 7 27 27
0162_0025_0063_0029_0029.jpg 1 25 63 29 29
0163_0008_0023_0031_0031.jpg 1 8 23 31 31
0164_0051_0025_0034_0034.jpg 1 51 25 34 34
0165_0043_0029_0050_0050.jpg 1 43 29 50 50
0166_0028_0037_0049_0049.jpg 1 28 37 49 49
0167_0017_0009_0050_0050.jpg 1 17 9 50 50
0168_0014_0034_0039_0039.jpg 1 14 34 39 39
0169_0012_0007_0067_0067.jpg 1 12 7 67 67
0170_0054_0014_0030_0030.jpg 1 54 14 30 30
0171_0005_0036_0053_0053.jpg 1 5 36 53 53
0172_0016_0016_0039_0039.jpg 1 16 16 39 39
0173_0028_0036_0047_0047.jpg 1 28 36 47 47
0174_0058_0015_0025_0025.jpg 1 58 15 25 25
0175_0006_0039_0034_0034.jpg 1 6 39 34 34
0176_0018_0010_0069_0069.jpg 1 18 10 69 69
0177_0020_0039_0033_0033.jpg 1 20 39 33 33
0178_0017_0026_0052_0052.jpg 1 17 26 52 52
0179_0022_0008_0059_0059.jpg 1 22 8 59 59
0180_0023_0008_0036_0036.jpg 1 23 8 36 36
0181_0048_0015_0040_0040.jpg 1 48 15 40 40
0182_0028_0040_0045_0045.jpg 1 28 40 45 45
0183_0055_0049_0024_0024.jpg 1 55 49 24 24
0184_0006_0040_0039_0039.jpg 1 6 40 39 39
0185_0036_0034_0055_0055.jpg 1 36 34 55 55
0186_0035_0040_0032_0032.jpg 1 35 40 32 32
0187_0008_0062_0024_0024.jpg 1 8 62 24 24
0188_0022_0026_0035_0035.jpg 1 22 26 35 35
0189_0008_0052_0025_0025.jpg 1 8 52 25 25
0190_0039_0013_0040_0040.jpg 1 39 13 40 40
0191_0005_0022_0069_0069.jpg 1 5 22 69 69
0192_0010_0025_0069_0069.jpg 1 10 25 69 69
0193_0045_0044_0042_0042.jpg 1 45 44 42 42
0194_0052_0042_0038_0038.jpg 1 52 42 38 38
0195_0056_0028_0030_0030.jpg 1 56 28 30 30
0196_0051_0043_0036_0036.jpg 1 51 43 36 36
0197_0007_0026_0056_0056.jpg 1 7 26 56 56
0198_0015_0046_0026_0026.jpg 1 15 46 26 26
0199_0025_0041_0049_0049.jpg 1 25 41 49 49
0200_0008_0047_0041_0041.jpg 1 8 47 41 41
0201_0036_0008_0055_0055.jpg 1 36 8 55 55
0202_0040_0023_0031_0031.jpg 1 40 23 31 31
0203_0052_0026_0030_0030.jpg 1 52 26 30 30
0204_0031_0044_0030_0030.jpg 1 31 44 30 30
0205_0015_0022_0062_0062.jpg 1 15 22 62 62
0206_0016_0032_0053_0053.jpg 1 16 32 53 53
0207_0039_0033_0042_0042.jpg 1 39 33 42 42
0208_0022_0031_0054_0054.jpg 1 22 31 54 54
0209_0055_0044_0033_0033.jpg 1 55 44 33 33
0210_0015_0030_0059_0059.jpg 1 15 30 59 59
0211_0035_0012_0041_0041.jpg 1 35 12 41 41
0212_0006_0043_0041_0041.jpg 1 6 43 41 41
0213_0029_0008_0034_0034.jpg 1 29 8 34 34
0214_0025_0060_0025_0025.jpg 1 25 60 25 25
0215_0034_0047_0046_0046.jpg 1 34 47 46 46
0216_0019_0022_0060_0060.jpg 1 19 22 60 60
0217_0034_0011_0060_0060.jpg 1 34 11 60 60
0218_0019_0023_0066_0066.jpg 1 19 23 66 66
0219_0018_0031_0043_0043.jpg 1 18 31 43 43
0220_0022_0039_0042_0042.jpg 1 22 39 42 42
0221_0027_0024_0065_0065.jpg 1 27 24 65 65
0222_0027_0020_0064_0064.jpg 1 27 20 64 64
0223_0031_0044_0024_0024.jpg 1 31 44 24 24
0224_0028_0028_0048_0048.jpg 1 28 28 48 48
0225_0013_0033_0055_0055.jpg 1 13 33 55 55
0226_0026_0043_0030_0030.jpg 1 26 43 30 30
0227_0058_0007_0030_0030.jpg 1 58 7 30 30
0228_0046_0012_0036_0036.jpg 1 46 12 36 36
0229_0029_0013_0032_0032.jpg 1 29 13 32 32
0230_0017_0019_0052_0052.jpg 1 17 19 52 52
0231_0009_0032_0047_0047.jpg 1 9 32 47 47
0232_0050_0047_0040_0040.jpg 1 50 47 40 40
0233_0013_0007_0037_0037.jpg 1 13 7 37 37
0234_0016_0006_0059_0059.jpg 1 16 6 59 59
0235_0034_0017_0055_0055.jpg 1 34 17 55 55
0236_0012_0020_0067_0067.jpg 1 12 20 67 67
0237_0008_0007_0053_0053.jpg 1 8 7 53 53
0238_0041_0041_0047_0047.jpg 1 41 41 47 47
0239_0007_0028_0060_0060.jpg 1 7 28 60 60
0240_0021_0030_0051_0051.jpg 1 21 30 51 51
0241_0014_0011_0042_0042.jpg 1 14 11 42 42
0242_0005_0017_0068_0068.jpg 1 5 17 68 68
0243_0022_0009_0047_0047.jpg 1 22 9 47 47
0244_0049_0012_0028_0028.jpg 1 49 12 28 28
0245_0059_0009_0033_0033.jpg 1 59 9 33 33
0246_0008_0030_0048_0048.jpg 1 8 30 48 48
0247_0030_0007_0066_0066.jpg 1 30 7 66 66
0248_0033_0016_0039_0039.jpg 1 33 16 39 39
0249_0009_0054_0024_0024.jpg 1 9 54 24 24
0250_0025_0036_0051_0051.jpg 1 25 36 51 51
0251_0020_0013_0039_0039.jpg 1 20 13 39 39
0252_0020_0015_0032_0032.jpg 1 20 15 32 32
0253_0027_0008_0024_0024.jpg 1 27 8 24 24
0254_0024_0017_0046_0046.jpg 1 24 17 46 46
0255_0026_0035_0035_0035.jpg 1 26 35 35 35
0256_0029_0041_0043_0043.jpg 1 29 41 43 43
0257_0030_0016_0043_0043.jpg 1 30 16 43 43
0258_0024_0024_0040_0040.jpg 1 24 24 40 40
0259_0019_0007_0030_0030.jpg 1 19 7 30 30
0260_0043_0032_0046_0046.jpg 1 43 32 46 46
0261_0028_0026_0046_0046.jpg 1 28 26 46 46
0262_0025_0016_0069_0069.jpg 1 25 16 69 69
0263_0011_0015_0043_0043.jpg 1 11 15 43 43
0264_0008_0034_0046_0046.jpg 1 8 34 46 46
0265_0042_0020_0035_0035.jpg 1 42 20 35 35
0266_0039_0005_0056_0056.jpg 1 39 5 56 56
0267_0011_0045_0034_0034.jpg 1 11 45 34 34
0268_0025_0026_0025_0025.jpg 1 25 26 25 25
0269_0015_0028_0042_0042.jpg 1 15 28 42 42
0270_0016_0009_0039_0039.jpg 1 16 9 39 39
0271_0015_0050_0041_0041.jpg 1 15 50 41 41
0272_0051_0019_0024_0024.jpg 1 51 19 24 24
0273_0037_0015_0038_0038.jpg 1 37 15 38 38
0274_0013_0016_0065_0065.jpg 1 13 16 65 65
0275_0061_0055_0031_0031.jpg 1 61 55 31 31
0276_0034_0007_0052_0052.jpg 1 34 7 52 52
0277_0006_0023_0058_0058.jpg 1 6 23 58 58
0278_0028_0026_0055_0055.jpg 1 28 26 55 55
0279_0045_0010_0037_0037.jpg 1 45 10 37 37
0280_0040_0047_0030_0030.jpg 1 40 47 30 30
0281_0025_0030_0060_0060.jpg 1 25 30 60 60
0282_0008_0012_0068_0068.jpg 1 8 12 68 68
0283_0007_0021_0058_0058.jpg 1 7 21 58 58
0284_0012_0026_0063_0063.jpg 1 12 26 63 63
0285_0035_0032_0060_0060.jpg 1 35 32 60 60
0286_0010_0026_0068_0068.jpg 1 10 26 68 68
0287_0008_0021_0054_0054.jpg 1 8 21 54 54
0288_0016_0021_0065_0065.jpg 1 16 21 65 65
0289_0022_0036_0029_0029.jpg 1 22 36 29 29
0290_0033_0024_0056_0056.jpg 1 33 24 56 56
0291_0052_0022_0031_0031.jpg 1 52 22 31 31
0292_0033_0027_0029_0029.jpg 1 33 27 29 29
0293_0061_0008_0030_0030.jpg 1 61 8 30 30
0294_0024_0026_0063_0063.jpg 1 24 26 63 63
0295_0040_0030_0035_0035.jpg 1 40 30 35 35
0296_0055_0031_0025_0025.jpg 1 55 31 25 25
0297_0010_0019_0024_0024.jpg 1 10 19 24 24
0298_0011_0034_0056_0056.jpg 1 11 34 56 56
0299_0026_0015_0059_0059.jpg 1 26 15 59 59
0300_0025_0032_0051_0051.jpg 1 25 32 51 51
0301_0015_0011_0052_0052.jpg 1 15 11 52 52
0302_0010_0032_0064_0064.jpg 1 10 32 64 64
0303_0010_0009_0029_0029.jpg 1 10 9 29 29
0304_0044_0031_0029_0029.jpg 1 44 31 29 29
0305_0041_0018_0043_0043.jpg 1 41 18 43 43
0306_0052_0008_0039_0039.jpg 1 52 8 39 39
0307_0025_0024_0036_0036.jpg 1 25 24 36 36
0308_0031_0052_0032_0032.jpg 1 31 52 32 32
0309_0017_0053_0040_0040.jpg 1 17 53 40 40
0310_0051_0030_0035_0035.jpg 1 51 30 35 35
0311_0007_0029_0050_0050.jpg 1 7 29 50 50
0312_0042_0014_0045_0045.jpg 1 42 14 45 45
0313_0019_0031_0054_0054.jpg 1 19 31 54 54
0314_0016_0005_0059_0059.jpg 1 16 5 59 59
0315_0032_0025_0053_0053.jpg 1 32 25 53 53
0316_0034_0031_0053_0053.jpg 1 34 31 53 53
0317_0015_0028_0059_0059.jpg 1 15 28 59 59
0318_0018_0009_0024_0024.jpg 1 18 9 24 24
0319_0037_0015_0035_0035.jpg 1 37 15 35 35
0320_0045_0021_0033_0033.jpg 1 45 21 33 33
0321_0057_0007_0035_0035.jpg 1 57 7 35 35
0322_0016_0024_0065_0065.jpg 1 16 24 65 65
0323_0050_0045_0030_0030.jpg 1 50 45 30 30
0324_0041_0024_0044_0044.jpg 1 41 24 44 44
0325_0016_0010_0050_0050.jpg 1 16 10 50 50
0326_0037_0046_0024_0024.jpg 1 37 46 24 24
0327_0052_0022_0024_0024.jpg 1 52 22 24 24
0328_0027_0015_0033_0033.jpg 1 27 15 33 33
0329_0052_0017_0027_0027.jpg 1 52 17 27 27
0330_0039_0008_0046_0046.jpg 1 39 8 46 46
0331_0039_0007_0036_0036.jpg 1 39 7 36 36
0332_0014_0031_0064_0064.jpg 1 14 31 64 64
0333_0033_0021_0057_0057.jpg 1 33 21 57 57
0334_0024_0010_0063_0063.jpg 1 24 10 63 63
0335_0050_0059_0025_0025.jpg 1 50 59 25 25
0336_0037_0032_0032_0032.jpg 1 37 32 32 32
0337_0016_0047_0033_0033.jpg 1 16 47 33 33
0338_0018_0027_0069_0069.jpg 1 18 27 69 69
0339_0022_0014_0064_0064.jpg 1 22 14 64 64
0340_0010_0036_0025_0025.jpg 1 10 36 25 25
0341_0007_0032_0047_0047.jpg 1 7 32 47 47
0342_0015_0024_0066_0066.jpg 1 15 24 66 66
0343_0034_0024_0059_0059.jpg 1 34 24 59 59
0344_0029_0037_0049_0049.jpg 1 29 37 49 49
0345_0052_0058_0026_0026.jpg 1 52 58 26 26
0346_0035_0021_0056_0056.jpg 1 35 21 56 56
0347_0023_0013_0024_0024.jpg 1 23 13 24 24
0348_0005_0006_0058_0058.jpg 1 5 6 58 58
0349_0005_0047_0043_0043.jpg 1 5 47 43 43
0350_0049_0019_0041_0041.jpg 1 49 19 41 41
0351_0025_0017_0069_0069.jpg 1 25 17 69 69
0352_0028_0035_0050_0050.jpg 1 28 35 50 50
0353_0017_0009_0038_0038.jpg 1 17 9 38 38
0354_0009_0025_0056_0056.jpg 1 9 25 56 56
0355_0013_0009_0028_0028.jpg 1 13 9 28 28
0356_0012_0038_0054_0054.jpg 1 12 38 54 54
0357_0055_0015_0038_0038.jpg 1 55 15 38 38
0358_0010_0052_0031_0031.jpg 1 10 52 31 31
0359_0019_0021_0053_0053.jpg 1 19 21 53 53
0360_0014_0011_0035_0035.jpg 1 14 11 35 35
0361_0015_0018_0066_0066.jpg 1 15 18 66 66
0362_0023_0015_0060_0060.jpg 1 23 15 60 60
0363_0037_0025_0058_0058.jpg 1 37 25 58 58
0364_0012_0018_0030_0030.jpg 1 12 18 30 30
0365_0031_0050_0036_0036.jpg 1 31 50 36 36
0366_0032_0032_0025_0025.jpg 1 32 32 25 25
0367_0019_0025_0028_0028.jpg 1 19 25 28 28
0368_0037_0025_0043_0043.jpg 1 37 25 43 43
0369_0029_0062_0030_0030.jpg 1 29 62 30 30
0370_0012_0038_0052_0052.jpg 1 12 38 52 52
0371_0025_0025_0066_0066.jpg 1 25 25 66 66
0372_0045_0011_0043_0043.jpg 1 45 11 43 43
0373_0006_0037_0055_0055.jpg 1 6 37 55 55
0374_0014_0014_0045_0045.jpg 1 14 14 45 45
0375_0015_0031_0063_0063.jpg 1 15 31 63 63
0376_0012_0026_0052_0052.jpg 1 12 26 52 52
0377_0019_0029_0046_0046.jpg 1 19 29 46 46
0378_0024_0016_0049_0049.jpg 1 24 16 49 49
0379_0025_0004_0062_0062.jpg 1 25 4 62 62
0380_0020_0048_0045_0045.jpg 1 20 48 45 45
0381_0032_0047_0034_0034.jpg 1 32 47 34 34
0382_0013_0013_0060_0060.jpg 1 13 13 60 60
0383_0006_0019_0063_0063.jpg 1 6 19 63 63
0384_0023_0019_0034_0034.jpg 1 23 19 34 34
0385_0022_0005_0058_0058.jpg 1 22 5 58 58
0386_0022_0025_0061_0061.jpg 1 22 25 61 61
0387_0025_0009_0069_0069.jpg 1 25 9 69 69
0388_0007_0067_0024_0024.jpg 1 7 67 24 24
0389_0024_0018_0062_0062.jpg 1 24 18 62 62
0390_0020_0059_0026_0026.jpg 1 20 59 26 26
0391_0044_0054_0032_0032.jpg 1 44 54 32 32
0392_0023_0017_0042_0042.jpg 1 23 17 42 42
0393_0039_0048_0026_0026.jpg 1 39 48 26 26
0394_0026_0020_0040_0040.jpg 1 26 20 40 40
0395_0050_0010_0031_0031.jpg 1 50 10 31 31
0396_0005_0025_0051_0051.jpg 1 5 25 51 51
0397_0029_0024_0056_0056.jpg 1 29 24 56 56
0398_0016_0015_0028_0028.jpg 1 16 15 28 28
0399_0037_0018_0036_0036.jpg 1 37 18 36 36
0400_0029_0033_0027_0027.jpg 1 29 33 27 27
0401_0037_0014_0057_0057.jpg 1 37 14 57 57
0402_0016_0012_0066_0066.jpg 1 16 12 66 66
0403_0050_0028_0042_0042.jpg 1 50 28 42 42
0404_0012_0041_0049_0049.jpg 1 12 41 49 49
0405_0042_0011_0042_0042.jpg 1 42 11 42 42
0406_0041_0016_0052_0052.jpg 1 41 16 52 52
0407_0019_0017_0062_0062.jpg 1 19 17 62 62
0408_0027_0021_0066_0066.jpg 1 27 21 66 66
0409_0034_0015_0043_0043.jpg 1 34 15 43 43
0410_0065_0007_0025_0025.jpg 1 65 7 25 25
0411_0014_0016_0027_0027.jpg 1 14 16 27 27
0412_0027_0015_0068_0068.jpg 1 27 15 68 68
0413_0016_0030_0054_0054.jpg 1 16 30 54 54
0414_0006_0019_0068_0068.jpg 1 6 19 68 68
0415_0010_0030_0062_0062.jpg 1 10 30 62 62
0416_0017_0041_0044_0044.jpg 1 17 41 44 44
0417_0035_0025_0028_0028.jpg 1 35 25 28 28
0418_0047_0045_0024_0024.jpg 1 47 45 24 24
0419_0008_0008_0061_0061.jpg 1 8 8 61 61
0420_0019_0028_0057_0057.jpg 1 19 28 57 57
0421_0038_0022_0051_0051.jpg 1 38 22 51 51
0422_0042_0026_0041_0041.jpg 1 42 26 41 41
0423_0031_0022_0050_0050.jpg 1 31 22 50 50
0424_0014_0025_0065_0065.jpg 1 14 25 65 65
0425_0021_0029_0066_0066.jpg 1 21 29 66 66
0426_0004_0016_0066_0066.jpg 1 4 16 66 66
0427_0009_0011_0046_0046.jpg 1 9 11 46 46
0428_0024_0006_0046_0046.jpg 1 24 6 46 46
0429_0007_0006_0048_0048.jpg 1 7 6 48 48
0430_0026_0004_0062_0062.jpg 1 26 4 62 62
0431_0042_0024_0050_0050.jpg 1 42 24 50 50
0432_0048_0034_0040_0040.jpg 1 48 34 40 40
0433_0025_0010_0043_0043.jpg 1 25 10 43 43
0434_0014_0038_0054_0054.jpg 1 14 38 54 54
0435_0011_0021_0038_0038.jpg 1 11 21 38 38
0436_0016_0035_0055_0055.jpg 1 16 35 55 55
0437_0053_0044_0028_0028.jpg 1 53 44 28 28
0438_0036_0048_0028_0028.jpg 1 36 48 28 28
0439_0017_0005_0054_0054.jpg 1 17 5 54 54
0440_0005_0011_0054_0054.jpg 1 5 11 54 54
0441_0016_0014_0040_0040.jpg 1 16 14 40 40
0442_0008_0012_0063_0063.jpg 1 8 12 63 63
0443_0023_0017_0058_0058.jpg 1 23 17 58 58
0444_0014_0036_0048_0048.jpg 1 14 36 48 48
0445_0011_0007_0034_0034.jpg 1 11 7 34 34
0446_0010_0038_0055_0055.jpg 1 10 38 55 55
0447_0011_0016_0067_0067.jpg 1 11 16 67 67
0448_0037_0032_0042_0042.jpg 1 37 32 42 42
0449_0023_0010_0060_0060.jpg 1 23 10 60 60
0450_0005_0004_0069_0069.jpg 1 5 4 69 69
0451_0044_0029_0049_0049.jpg 1 44 29 49 49
0452_0058_0020_0026_0026.jpg 1 58 20 26 26
0453_0011_0030_0028_0028.jpg 1 11 30 28 28
0454_0017_0006_0066_0066.jpg 1 17 6 66 66
0455_0014_0033_0061_0061.jpg 1 14 33 61 61
0456_0014_0023_0068_0068.jpg 1 14 23 68 68
0457_0027_0048_0026_0026.jpg 1 27 48 26 26
0458_0020_0036_0033_0033.jpg 1 20 36 33 33
0459_0035_0029_0058_0058.jpg 1 35 29 58 58
0460_0045_0056_0025_0025.jpg 1 45 56 25 25
0461_0012_0037_0033_0033.jpg 1 12 37 33 33
0462_0028_0020_0067_0067.jpg 1 28 20 67 67
0463_0010_0026_0068_0068.jpg 1 10 26 68 68
0464_0027_0045_0049_0049.jpg 1 27 45 49 49
0465_0015_0027_0058_0058.jpg 1 15 27 58 58
0466_0019_0017_0049_0049.jpg 1 19 17 49 49
0467_0017_0009_0053_0053.jpg 1 17 9 53 53
0468_0042_0017_0025_0025.jpg 1 42 17 25 25
0469_0038_0049_0037_0037.jpg 1 38 49 37 37
0470_0028_0006_0052_0052.jpg 1 28 6 52 52
0471_0052_0029_0038_0038.jpg 1 52 29 38 38
0472_0055_0019_0028_0028.jpg 1 55 19 28 28
0473_0024_0029_0060_0060.jpg 1 24 29 60 60
0474_0030_0029_0060_0060.jpg 1 30 29 60 60
0475_0006_0021_0062_0062.jpg 1 6 21 62 62
0476_0026_0047_0041_0041.jpg 1 26 47 41 41
0477_0020_0011_0042_0042.jpg 1 20 11 42 42
0478_0013_0035_0053_0053.jpg 1 13 35 53 53
0479_0028_0020_0029_0029.jpg 1 28 20 29 29
0480_0048_0036_0040_0040.jpg 1 48 36 40 40
0481_0027_0011_0040_0040.jpg 1 27 11 40 40
0482_0037_0028_0046_0046.jpg 1 37 28 46 46
0483_0025_0032_0032_0032.jpg 1 25 32 32 32
0484_0034_0038_0034_0034.jpg 1 34 38 34 34
0485_0031_0025_0062_0062.jpg 1 31 25 62 62
0486_0015_0028_0042_0042.jpg 1 15 28 42 42
0487_0026_0012_0065_0065.jpg 1 26 12 65 65
0488_0029_0016_0062_0062.jpg 1 29 16 62 62
0489_0007_0011_0065_0065.jpg 1 7 11 65 65
0490_0025_0005_0068_0068.jpg 1 25 5 68 68
0491_0014_0024_0064_0064.jpg 1 14 24 64 64
0492_0044_0007_0046_0046.jpg 1 44 7 46 46
0493_0027_0036_0034_0034.jpg 1 27 36 34 34
0494_0039_0042_0032_0032.jpg 1 39 42 32 32
0495_0033_0023_0044_0044.jpg 1 33 23 44 44
0496_0022_0025_0063_0063.jpg 1 22 25 63 63
0497_0019_0034_0031_0031.jpg 1 19 34 31 31
0498_0031_0009_0040_0040.jpg 1 31 9 40 40
0499_0036_0042_0040_0040.jpg 1 36 42 40 40
0500_0011_0031_0062_0062.jpg 1 11 31 62 62
0501_0043_0010_0044_0044.jpg 1 43 10 44 44
0502_0006_0026_0068_0068.jpg 1 6 26 68 68
0503_0013_0025_0061_0061.jpg 1 13 25 61 61
0504_0034_0044_0045_0045.jpg 1 34 44 45 45
0505_0029_0030_0032_0032.jpg 1 29 30 32 32
0506_0037_0007_0049_0049.jpg 1 37 7 49 49
0507_0042_0034_0037_0037.jpg 1 42 34 37 37
0508_0033_0036_0058_0058.jpg 1 33 36 58 58
0509_0024_0017_0054_0054.jpg 1 24 17 54 54
0510_0011_0039_0050_0050.jpg 1 11 39 50 50
0511_0030_0050_0041_0041.jpg 1 30 50 41 41
0512_0011_0009_0049_0049.jpg 1 11 9 49 49
0513_0034_0026_0035_0035.jpg 1 34 26 35 35
0514_0026_0044_0035_0035.jpg 1 26 44 35 35
0515_0016_0025_0057_0057.jpg 1 16 25 57 57
0516_0037_0047_0046_0046.jpg 1 37 47 46 46
0517_0051_0043_0037_0037.jpg 1 51 43 37 37
0518_0033_0013_0049_0049.jpg 1 33 13 49 49
0519_0007_0015_0060_0060.jpg 1 7 15 60 60
0520_0035_0027_0058_0058.jpg 1 35 27 58 58
0521_0018_0005_0067_0067.jpg 1 18 5 67 67
0522_0020_0023_0066_0066.jpg 1 20 23 66 66
0523_0015_0028_0066_0066.jpg 1 15 28 66 66
0524_0040_0052_0027_0027.jpg 1 40 52 27 27
0525_0033_0027_0028_0028.jpg 1 33 27 28 28
0526_0030_0038_0036_0036.jpg 1 30 38 36 36
0527_0004_0023_0069_0069.jpg 1 4 23 69 69
0528_0024_0047_0046_0046.jpg 1 24 47 46 46
0529_0044_0052_0031_0031.jpg 1 44 52 31 31
0530_0022_0030_0060_0060.jpg 1 22 30 60 60
0531_0010_0010_0044_0044.jpg 1 10 10 44 44
0532_0035_0015_0039_0039.jpg 1 35 15 39 39
0533_0065_0052_0026_0026.jpg 1 65 52 26 26
0534_0027_0029_0063_0063.jpg 1 27 29 63 63
0535_0037_0038_0029_0029.jpg 1 37 38 29 29
0536_0023_0011_0069_0069.jpg 1 23 11 69 69
0537_0016_0035_0025_0025.jpg 1 16 35 25 25
0538_0028_0024_0064_0064.jpg 1 28 24 64 64
0539_0035_0019_0029_0029.jpg 1 35 19 29 29
0540_0027_0007_0063_0063.jpg 1 27 7 63 63
0541_0019_0007_0046_0046.jpg 1 19 7 46 46
0542_0042_0042_0034_0034.jpg 1 42 42 34 34
0543_0031_0021_0056_0056.jpg 1 31 21 56 56
0544_0051_0012_0033_0033.jpg 1 51 12 33 33
0545_0014_0012_0068_0068.jpg 1 14 12 68 68
0546_0056_0019_0025_0025.jpg 1 56 19 25 25
0547_0009_0057_0029_0029.jpg 1 9 57 29 29
0548_0056_0034_0025_0025.jpg 1 56 34 25 25
0549_0018_0025_0067_0067.jpg 1 18 25 67 67
0550_0051_0056_0028_0028.jpg 1 51 56 28 28
0551_0017_0046_0047_0047.jpg 1 17 46 47 47
0552_0028_0023_0067_0067.jpg 1 28 23 67 67
0553_0011_0018_0056_0056.jpg 1 11 18 56 56
0554_0017_0006_0060_0060.jpg 1 17 6 60 60
0555_0011_0011_0061_0061.jpg 1 11 11 61 61
0556_0061_0015_0025_0025.jpg 1 61 15 25 25
0557_0050_0022_0036_0036.jpg 1 50 22 36 36
0558_0013_0008_0066_0066.jpg 1 13 8 66 66
0559_0030_0043_0050_0050.jpg 1 30 43 50 50
0560_0013_0031_0057_0057.jpg 1 13 31 57 57
0561_0017_0009_0034_0034.jpg 1 17 9 34 34
0562_0017_0012_0050_0050.jpg 1 17 12 50 50
0563_0025_0004_0064_0064.jpg 1 25 4 64 64
0564_0036_0008_0058_0058.jpg 1 36 8 58 58
0565_0026_0011_0052_0052.jpg 1 26 11 52 52
0566_0034_0043_0024_0024.jpg 1 34 43 24 24
0567_0040_0053_0034_0034.jpg 1 40 53 34 34
0568_0018_0020_0065_0065.jpg 1 18 20 65 65
0569_0014_0011_0060_0060.jpg 1 14 11 60 60
0570_0039_0021_0047_0047.jpg 1 39 21 47 47
0571_0031_0026_0038_0038.jpg 1 31 26 38 38
0572_0018_0015_0068_0068.jpg 1 18 15 68 68
0573_0016_0034_0041_0041.jpg 1 16 34 41 41
0574_0037_0049_0039_0039.jpg 1 37 49 39 39
0575_0018_0049_0027_0027.jpg 1 18 49 27 27
0576_0011_0035_0050_0050.jpg 1 11 35 50 50
0577_0021_0013_0069_0069.jpg 1 21 13 69 69
0578_0039_0029_0048_0048.jpg 1 39 29 48 48
0579_0027_0013_0040_0040.jpg 1 27 13 40 40
0580_0009_0014_0030_0030.jpg 1 9 14 30 30
0581_0030_0026_0036_0036.jpg 1 30 26 36 36
0582_0010_0005_0059_0059.jpg 1 10 5 59 59
0583_0029_0007_0024_0024.jpg 1 29 7 24 24
0584_0012_0034_0053_0053.jpg 1 12 34 53 53
0585_0027_0030_0053_0053.jpg 1 27 30 53 53
0586_0052_0040_0040_0040.jpg 1 52 40 40 40
0587_0034_0026_0049_0049.jpg 1 34 26 49 49
0588_0013_0014_0050_0050.jpg 1 13 14 50 50
0589_0013_0048_0035_0035.jpg 1 13 48 35 35
0590_0005_0029_0066_0066.jpg 1 5 29 66 66
0591_0028_0047_0033_0033.jpg 1 28 47 33 33
0592_0017_0013_0060_0060.jpg 1 17 13 60 60
0593_0014_0020_0062_0062.jpg 1 14 20 62 62
0594_0029_0038_0045_0045.jpg 1 29 38 45 45
0595_0028_0017_0055_0055.jpg 1 28 17 55 55
0596_0036_0047_0039_0039.jpg 1 36 47 39 39
0597_0012_0032_0050_0050.jpg 1 12 32 50 50
0598_0054_0043_0031_0031.jpg 1 54 43 31 31
0599_0047_0039_0028_0028.jpg 1 47 39 28 28
0600_0013_0043_0044_0044.jpg 1 13 43 44 44
0601_0041_0012_0024_0024.jpg 1 41 12 24 24
0602_0030_0043_0031_0031.jpg 1 30 43 31 31
0603_0026_0032_0063_0063.jpg 1 26 32 63 63
0604_0031_0011_0037_0037.jpg 1 31 11 37 37
0605_0027_0015_0061_0061.jpg 1 27 15 61 61
0606_0034_0009_0053_0053.jpg 1 34 9 53 53
0607_0040_0028_0045_0045.jpg 1 40 28 45 45
0608_0017_0007_0064_0064.jpg 1 17 7 64 64
0609_0032_0032_0061_0061.jpg 1 32 32 61 61
0610_0014_0026_0046_0046.jpg 1 14 26 46 46
0611_0033_0017_0044_0044.jpg 1 33 17 44 44
0612_0050_0016_0025_0025.jpg 1 50 16 25 25
0613_0009_0028_0058_0058.jpg 1 9 28 58 58
0614_0045_0025_0039_0039.jpg 1 45 25 39 39
0615_0026_0021_0036_0036.jpg 1 26 21 36 36
0616_0009_0053_0028_0028.jpg 1 9 53 28 28
0617_0021_0018_0034_0034.jpg 1 21 18 34 34
0618_0012_0021_0037_0037.jpg 1 12 21 37 37
0619_0007_0042_0029_0029.jpg 1 7 42 29 29
0620_0023_0007_0068_0068.jpg 1 23 7 68 68
0621_0040_0013_0047_0047.jpg 1 40 13 47 47
0622_0013_0017_0068_0068.jpg 1 13 17 68 68
0623_0015_0004_0062_0062.jpg 1 15 4 62 62
0624_0009_0019_0065_0065.jpg 1 9 19 65 65
0625_0035_0033_0046_0046.jpg 1 35 33 46 46
0626_0008_0014_0033_0033.jpg 1 8 14 33 33
0627_0031_0034_0061_0061.jpg 1 31 34 61 61
0628_0048_0026_0039_0039.jpg 1 48 26 39 39
0629_0021_0035_0045_0045.jpg 1 21 35 45 45
0630_0057_0047_0026_0026.jpg 1 57 47 26 26
0631_0028_0018_0058_0058.jpg 1 28 18 58 58
0632_0032_0008_0063_0063.jpg 1 32 8 63 63
0633_0025_0029_0029_0029.jpg 1 25 29 29 29
0634_0025_0011_0051_0051.jpg 1 25 11 51 51
0635_0015_0031_0057_0057.jpg 1 15 31 57 57
0636_0056_0015_0026_0026.jpg 1 56 15 26 26
0637_0032_0041_0036_0036.jpg 1 32 41 36 36
0638_0032_0031_0063_0063.jpg 1 32 31 63 63
0639_0022_0025_0063_0063.jpg 1 22 25 63 63
0640_0008_0023_0040_0040.jpg 1 8 23 40 40
0641_0018_0009_0065_0065.jpg 1 18 9 65 65
0642_0032_0024_0054_0054.jpg 1 32 24 54 54
0643_0034_0010_0040_0040.jpg 1 34 10 40 40
0644_0006_0019_0066_0066.jpg 1 6 19 66 66
0645_0008_0009_0065_0065.jpg 1 8 9 65 65
0646_0020_0026_0046_0046.jpg 1 20 26 46 46
0647_0028_0042_0037_0037.jpg 1 28 42 37 37
0648_0033_0045_0048_0048.jpg 1 33 45 48 48
0649_0023_0013_0068_0068.jpg 1 23 13 68 68
0650_0035_0024_0041_0041.jpg 1 35 24 41 41
0651_0010_0021_0047_0047.jpg 1 10 21 47 47
0652_0046_0009_0044_0044.jpg 1 46 9 44 44
0653_0025_0038_0049_0049.jpg 1 25 38 49 49
0654_0008_0021_0060_0060.jpg 1 8 21 60 60
0655_0031_0033_0046_0046.jpg 1 31 33 46 46
0656_0051_0045_0037_0037.jpg 1 51 45 37 37
0657_0032_0031_0053_0053.jpg 1 32 31 53 53
0658_0031_0047_0046_0046.jpg 1 31 47 46 46
0659_0028_0044_0035_0035.jpg 1 28 44 35 35
0660_0003_0029_0067_0067.jpg 1 3 29 67 67
0661_0026_0022_0057_0057.jpg 1 26 22 57 57
0662_0014_0018_0042_0042.jpg 1 14 18 42 42
0663_0050_0027_0031_0031.jpg 1 50 27 31 31
0664_0020_0038_0040_0040.jpg 1 20 38 40 40
0665_0013_0025_0051_0051.jpg 1 13 25 51 51
0666_0042_0026_0048_0048.jpg 1 42 26 48 48
0667_0010_0024_0064_0064.jpg 1 10 24 64 64
0668_0041_0034_0047_0047.jpg 1 41 34 47 47
0669_0057_0055_0035_0035.jpg 1 57 55 35 35
0670_0037_0004_0058_0058.jpg 1 37 4 58 58
0671_0047_0018_0035_0035.jpg 1 47 18 35 35
0672_0016_0036_0034_0034.jpg 1 16 36 34 34
0673_0009_0026_0059_0059.jpg 1 9 26 59 59
0674_0014_0013_0059_0059.jpg 1 14 13 59 59
0675_0033_0036_0027_0027.jpg 1 33 36 27 27
0676_0041_0040_0026_0026.jpg 1 41 40 26 26
0677_0012_0019_0031_0031.jpg 1 12 19 31 31
0678_0020_0027_0069_0069.jpg 1 20 27 69 69
0679_0039_0014_0027_0027.jpg 1 39 14 27 27
0680_0033_0026_0031_0031.jpg 1 33 26 31 31
0681_0039_0034_0039_0039.jpg 1 39 34 39 39
0682_0021_0036_0039_0039.jpg 1 21 36 39 39
0683_0007_0028_0056_0056.jpg 1 7 28 56 56
0684_0056_0009_0033_0033.jpg 1 56 9 33 33
0685_0024_0004_0062_0062.jpg 1 24 4 62 62
0686_0012_0037_0031_0031.jpg 1 12 37 31 31
0687_0016_0033_0030_0030.jpg 1 16 33 30 30
0688_0050_0060_0033_0033.jpg 1 50 60 33 33
0689_0006_0008_0061_0061.jpg 1 6 8 61 61
0690_0010_0054_0028_0028.jpg 1 10 54 28 28
0691_0011_0015_0069_0069.jpg 1 11 15 69 69
0692_0021_0035_0043_0043.jpg 1 21 35 43 43
0693_0019_0019_0064_0064.jpg 1 19 19 64 64
0694_0020_0004_0069_0069.jpg 1 20 4 69 69
0695_0053_0017_0037_0037.jpg 1 53 17 37 37
0696_0028_0032_0033_0033.jpg 1 28 32 33 33
0697_0022_0024_0068_0068.jpg 1 22 24 68 68
0698_0016_0014_0055_0055.jpg 1 16 14 55 55
0699_0032_0035_0040_0040.jpg 1 32 35 40 40
0700_0028_0027_0065_0065.jpg 1 28 27 65 65
0701_0046_0032_0034_0034.jpg 1 46 32 34 34
0702_0043_0061_0024_0024.jpg 1 43 61 24 24
0703_0015_0037_0053_0053.jpg 1 15 37 53 53
0704_0010_0032_0058_0058.jpg 1 10 32 58 58
0705_0013_0022_0063_0063.jpg 1 13 22 63 63
0706_0030_0021_0049_0049.jpg 1 30 21 49 49
0707_0013_0017_0050_0050.jpg 1 13 17 50 50
0708_0017_0010_0055_0055.jpg 1 17 10 55 55
0709_0033_0014_0026_0026.jpg 1 33 14 26 26
0710_0027_0023_0050_0050.jpg 1 27 23 50 50
0711_0035_0021_0049_0049.jpg 1 35 21 49 49
0712_0043_0011_0035_0035.jpg 1 43 11 35 35
0713_0020_0007_0061_0061.jpg 1 20 7 61 61
0714_0030_0020_0065_0065.jpg 1 30 20 65 65
0715_0040_0018_0055_0055.jpg 1 40 18 55 55
0716_0009_0013_0047_0047.jpg 1 9 13 47 47
0717_0031_0010_0063_0063.jpg 1 31 10 63 63
0718_0005_0010_0059_0059.jpg 1 5 10 59 59
0719_0007_0016_0058_0058.jpg 1 7 16 58 58
0720_0010_0013_0064_0064.jpg 1 10 13 64 64
0721_0016_0016_0045_0045.jpg 1 16 16 45 45
0722_0010_0015_0057_0057.jpg 1 10 15 57 57
0723_0049_0013_0024_0024.jpg 1 49 13 24 24
0724_0007_0015_0069_0069.jpg 1 7 15 69 69
0725_0038_0011_0041_0041.jpg 1 38 11 41 41
0726_0011_0032_0046_0046.jpg 1 11 32 46 46
0727_0019_0055_0030_0030.jpg 1 19 55 30 30
0728_0027_0032_0051_0051.jpg 1 27 32 51 51
0729_0023_0028_0056_0056.jpg 1 23 28 56 56
0730_0024_0007_0061_0061.jpg 1 24 7 61 61
0731_0024_0026_0028_0028.jpg 1 24 26 28 28
0732_0017_0039_0044_0044.jpg 1 17 39 44 44
0733_0017_0028_0055_0055.jpg 1 17 28 55 55
0734_0033_0015_0042_0042.jpg 1 33 15 42 42
0735_0007_0015_0068_0068.jpg 1 7 15 68 68
0736_0026_0023_0030_0030.jpg 1 26 23 30 30
0737_0026_0022_0055_0055.jpg 1 26 22 55 55
0738_0021_0020_0057_0057.jpg 1 21 20 57 57
0739_0031_0016_0063_0063.jpg 1 31 16 63 63
0740_0054_0041_0024_0024.jpg 1 54 41 24 24
0741_0052_0021_0026_0026.jpg 1 52 21 26 26
0742_0023_0016_0068_0068.jpg 1 23 16 68 68
0743_0007_0016_0059_0059.jpg 1 7 16 59 59
0744_0048_0025_0025_0025.jpg 1 48 25 25 25
0745_0027_0013_0065_0065.jpg 1 27 13 65 65
0746_0016_0033_0060_0060.jpg 1 16 33 60 60
0747_0044_0020_0044_0044.jpg 1 44 20 44 44
0748_0032_0029_0051_0051.jpg 1 32 29 51 51
0749_0051_0048_0029_0029.jpg 1 51 48 29 29
0750_0044_0010_0041_0041.jpg 1 44 10 41 41
0751_0027_0015_0038_0038.jpg 1 27 15 38 38
0752_0023_0042_0049_0049.jpg 1 23 42 49 49
0753_0051_0031_0028_0028.jpg 1 51 31 28 28
0754_0049_0012_0030_0030.jpg 1 49 12 30 30
0755_0033_0028_0037_0037.jpg 1 33 28 37 37
0756_0024_0022_0065_0065.jpg 1 24 22 65 65
0757_0023_0024_0058_0058.jpg 1 23 24 58 58
0758_0017_0025_0055_0055.jpg 1 17 25 55 55
0759_0028_0009_0055_0055.jpg 1 28 9 55 55
0760_0008_0016_0061_0061.jpg 1 8 16 61 61
0761_0008_0028_0036_0036.jpg 1 8 28 36 36
0762_0028_0026_0054_0054.jpg 1 28 26 54 54
0763_0038_0048_0029_0029.jpg 1 38 48 29 29
0764_0016_0028_0041_0041.jpg 1 16 28 41 41
0765_0028_0055_0028_0028.jpg 1 28 55 28 28
0766_0034_0026_0054_0054.jpg 1 34 26 54 54
0767_0029_0055_0036_0036.jpg 1 29 55 36 36
0768_0040_0005_0053_0053.jpg 1 40 5 53 53
0769_0022_0024_0057_0057.jpg 1 22 24 57 57
0770_0050_0012_0026_0026.jpg 1 50 12 26 26
0771_0021_0023_0065_0065.jpg 1 21 23 65 65
0772_0012_0046_0038_0038.jpg 1 12 46 38 38
0773_0026_0040_0053_0053.jpg 1 26 40 53 53
0774_0009_0025_0064_0064.jpg 1 9 25 64 64
0775_0028_0037_0054_0054.jpg 1 28 37 54 54
0776_0027_0006_0057_0057.jpg 1 27 6 57 57
0777_0018_0047_0027_0027.jpg 1 18 47 27 27
0778_0016_0011_0059_0059.jpg 1 16 11 59 59
0779_0022_0013_0068_0068.jpg 1 22 13 68 68
0780_0007_0020_0056_0056.jpg 1 7 20 56 56
0781_0054_0061_0027_0027.jpg 1 54 61 27 27
0782_0010_0034_0056_0056.jpg 1 10 34 56 56
0783_0011_0028_0061_0061.jpg 1 11 28 61 61
0784_0040_0043_0044_0044.jpg 1 40 43 44 44
0785_0017_0007_0032_0032.jpg 1 17 7 32 32
0786_0043_0051_0026_0026.jpg 1 43 51 26 26
0787_0030_0014_0062_0062.jpg 1 30 14 62 62
0788_0026_0019_0041_0041.jpg 1 26 19 41 41
0789_0039_0022_0043_0043.jpg 1 39 22 43 43
0790_0012_0034_0036_0036.jpg 1 12 34 36 36
0791_0011_0027_0067_0067.jpg 1 11 27 67 67
0792_0031_0053_0025_0025.jpg 1 31 53 25 25
0793_0053_0030_0031_0031.jpg 1 53 30 31 31
0794_0005_0013_0067_0067.jpg 1 5 13 67 67
0795_0021_0038_0040_0040.jpg 1 21 38 40 40
0796_0005_0007_0067_0067.jpg 1 5 7 67 67
0797_0010_0013_0068_0068.jpg 1 10 13 68 68
0798_0006_0031_0047_0047.jpg 1 6 31 47 47
0799_0016_0011_0046_0046.jpg 1 16 11 46 46
0800_0019_0012_0046_0046.jpg 1 19 12 46 46
0801_0032_0016_0046_0046.jpg 1 32 16 46 46
0802_0013_0052_0035_0035.jpg 1 13 52 35 35
0803_0019_0039_0055_0055.jpg 1 19 39 55 55
0804_0027_0004_0059_0059.jpg 1 27 4 59 59
0805_0031_0036_0037_0037.jpg 1 31 36 37 37
0806_0037_0056_0028_0028.jpg 1 37 56 28 28
0807_0029_0051_0035_0035.jpg 1 29 51 35 35
0808_0045_0025_0049_0049.jpg 1 45 25 49 49
0809_0006_0017_0062_0062.jpg 1 6 17 62 62
0810_0035_0009_0048_0048.jpg 1 35 9 48 48
0811_0043_0029_0033_0033.jpg 1 43 29 33 33
0812_0038_0054_0025_0025.jpg 1 38 54 25 25
0813_0034_0015_0034_0034.jpg 1 34 15 34 34
0814_0045_0008_0047_0047.jpg 1 45 8 47 47
0815_0033_0007_0035_0035.jpg 1 33 7 35 35
0816_0020_0011_0060_0060.jpg 1 20 11 60 60
0817_0011_0026_0033_0033.jpg 1 11 26 33 33
0818_0034_0052_0033_0033.jpg 1 34 52 33 33
0819_0037_0032_0051_0051.jpg 1 37 32 51 51
0820_0022_0019_0054_0054.jpg 1 22 19 54 54
0821_0024_0024_0066_0066.jpg 1 24 24 66 66
0822_0021_0015_0025_0025.jpg 1 21 15 25 25
0823_0011_0004_0063_0063.jpg 1 11 4 63 63
0824_0030_0039_0049_0049.jpg 1 30 39 49 49
0825_0018_0004_0064_0064.jpg 1 18 4 64 64
0826_0042_0006_0042_0042.jpg 1 42 6 42 42
0827_0024_0004_0063_0063.jpg 1 24 4 63 63
0828_0013_0049_0041_0041.jpg 1 13 49 41 41
0829_0027_0025_0059_0059.jpg 1 27 25 59 59
0830_0005_0037_0055_0055.jpg 1 5 37 55 55
0831_0025_0038_0053_0053.jpg 1 25 38 53 53
0832_0024_0026_0065_0065.jpg 1 24 26 65 65
0833_0026_0047_0042_0042.jpg 1 26 47 42 42
0834_0036_0034_0026_0026.jpg 1 36 34 26 26
0835_0021_0013_0033_0033.jpg 1 21 13 33 33
0836_0033_0016_0055_0055.jpg 1 33 16 55 55
0837_0005_0030_0046_0046.jpg 1 5 30 46 46
0838_0036_0023_0038_0038.jpg 1 36 23 38 38
0839_0028_0010_0046_0046.jpg 1 28 10 46 46
0840_0033_0027_0060_0060.jpg 1 33 27 60 60
0841_0010_0042_0052_0052.jpg 1 10 42 52 52
0842_0010_0008_0063_0063.jpg 1 10 8 63 63
0843_0046_0022_0032_0032.jpg 1 46 22 32 32
0844_0012_0025_0063_0063.jpg 1 12 25 63 63
0845_0037_0054_0026_0026.jpg 1 37 54 26 26
0846_0043_0020_0047_0047.jpg 1 43 20 47 47
0847_0019_0034_0051_0051.jpg 1 19 34 51 51
0848_0031_0009_0063_0063.jpg 1 31 9 63 63
0849_0042_0037_0053_0053.jpg 1 42 37 53 53
0850_0019_0008_0039_0039.jpg 1 19 8 39 39
0851_0019_0018_0051_0051.jpg 1 19 18 51 51
0852_0008_0007_0068_0068.jpg 1 8 7 68 68
0853_0010_0010_0056_0056.jpg 1 10 10 56 56
0854_0023_0039_0053_0053.jpg 1 23 39 53 53
0855_0028_0023_0043_0043.jpg 1 28 23 43 43
0856_0009_0035_0049_0049.jpg 1 9 35 49 49
0857_0019_0021_0064_0064.jpg 1 19 21 64 64
0858_0021_0008_0059_0059.jpg 1 21 8 59 59
0859_0033_0030_0049_0049.jpg 1 33 30 49 49
0860_0024_0027_0064_0064.jpg 1 24 27 64 64
0861_0006_0003_0069_0069.jpg 1 6 3 69 69
0862_0020_0005_0066_0066.jpg 1 20 5 66 66
0863_0021_0007_0055_0055.jpg 1 21 7 55 55
0864_0034_0012_0030_0030.jpg 1 34 12 30 30
0865_0016_0024_0069_0069.jpg 1 16 24 69 69
0866_0039_0030_0032_0032.jpg 1 39 30 32 32
0867_0018_0050_0043_0043.jpg 1 18 50 43 43
0868_0044_0050_0034_0034.jpg 1 44 50 34 34
0869_0027_0011_0058_0058.jpg 1 27 11 58 58
0870_0018_0050_0036_0036.jpg 1 18 50 36 36
0871_0050_0030_0041_0041.jpg 1 50 30 41 41
0872_0034_0037_0053_0053.jpg 1 34 37 53 53
0873_0025_0021_0067_0067.jpg 1 25 21 67 67
0874_0036_0006_0044_0044.jpg 1 36 6 44 44
0875_0031_0028_0063_0063.jpg 1 31 28 63 63
0876_0039_0024_0041_0041.jpg 1 39 24 41 41
0877_0023_0019_0026_0026.jpg 1 23 19 26 26
0878_0044_0020_0043_0043.jpg 1 44 20 43 43
0879_0028_0030_0062_0062.jpg 1 28 30 62 62
0880_0014_0028_0062_0062.jpg 1 14 28 62 62
0881_0035_0059_0024_0024.jpg 1 35 59 24 24
0882_0044_0058_0032_0032.jpg 1 44 58 32 32
0883_0023_0008_0060_0060.jpg 1 23 8 60 60
0884_0041_0033_0049_0049.jpg 1 41 33 49 49
0885_0031_0051_0037_0037.jpg 1 31 51 37 37
0886_0023_0020_0064_0064.jpg 1 23 20 64 64
0887_0008_0035_0052_0052.jpg 1 8 35 52 52
0888_0014_0037_0037_0037.jpg 1 14 37 37 37
0889_0025_0024_0054_0054.jpg 1 25 24 54 54
0890_0008_0015_0059_0059.jpg 1 8 15 59 59
0891_0021_0020_0045_0045.jpg 1 21 20 45 45
0892_0006_0004_0057_0057.jpg 1 6 4 57 57
0893_0014_0052_0029_0029.jpg 1 14 52 29 29
0894_0019_0022_0068_0068.jpg 1 19 22 68 68
0895_0043_0027_0051_0051.jpg 1 43 27 51 51
0896_0046_0009_0043_0043.jpg 1 46 9 43 43
0897_0021_0020_0057_0057.jpg 1 21 20 57 57
0898_0018_0024_0042_0042.jpg 1 18 24 42 42
0899_0028_0027_0040_0040.jpg 1 28 27 40 40
0900_0032_0028_0054_0054.jpg 1 32 28 54 54
0901_0008_0043_0047_0047.jpg 1 8 43 47 47
0902_0011_0005_0056_0056.jpg 1 11 5 56 56
0903_0024_0029_0065_0065.jpg 1 24 29 65 65
0904_0048_0006_0039_0039.jpg 1 48 6 39 39
0905_0044_0051_0038_0038.jpg 1 44 51 38 38
0906_0060_0023_0026_0026.jpg 1 60 23 26 26
0907_0024_0056_0035_0035.jpg 1 24 56 35 35
0908_0005_0029_0063_0063.jpg 1 5 29 63 63
0909_0018_0030_0055_0055.jpg 1 18 30 55 55
0910_0042_0043_0024_0024.jpg 1 42 43 24 24
0911_0026_0008_0068_0068.jpg 1 26 8 68 68
0912_0004_0008_0068_0068.jpg 1 4 8 68 68
0913_0004_0027_0058_0058.jpg 1 4 27 58 58
0914_0029_0011_0045_0045.jpg 1 29 11 45 45
0915_0035_0059_0032_0032.jpg 1 35 59 32 32
0916_0035_0007_0054_0054.jpg 1 35 7 54 54
0917_0025_0027_0029_0029.jpg 1 25 27 29 29
0918_0032_0034_0045_0045.jpg 1 32 34 45 45
0919_0010_0012_0045_0045.jpg 1 10 12 45 45
0920_0013_0040_0024_0024.jpg 1 13 40 24 24
0921_0005_0009_0056_0056.jpg 1 5 9 56 56
0922_0029_0023_0031_0031.jpg 1 29 23 31 31
0923_0036_0007_0049_0049.jpg 1 36 7 49 49
0924_0035_0040_0030_0030.jpg 1 35 40 30 30
0925_0014_0019_0053_0053.jpg 1 14 19 53 53
0926_0038_0026_0048_0048.jpg 1 38 26 48 48
0927_0013_0015_0042_0042.jpg 1 13 15 42 42
0928_0009_0025_0069_0069.jpg 1 9 25 69 69
0929_0053_0013_0029_0029.jpg 1 53 13 29 29
0930_0018_0049_0044_0044.jpg 1 18 49 44 44
0931_0027_0012_0067_0067.jpg 1 27 12 67 67
0932_0017_0052_0033_0033.jpg 1 17 52 33 33
0933_0042_0054_0037_0037.jpg 1 42 54 37 37
0934_0019_0026_0041_0041.jpg 1 19 26 41 41
0935_0065_0019_0026_0026.jpg 1 65 19 26 26
0936_0033_0021_0029_0029.jpg 1 33 21 29 29
0937_0031_0007_0031_0031.jpg 1 31 7 31 31
0938_0036_0030_0042_0042.jpg 1 36 30 42 42
0939_0006_0030_0037_0037.jpg 1 6 30 37 37
0940_0033_0018_0047_0047.jpg 1 33 18 47 47
0941_0023_0037_0044_0044.jpg 1 23 37 44 44
0942_0025_0021_0069_0069.jpg 1 25 21 69 69
0943_0021_0019_0067_0067.jpg 1 21 19 67 67
0944_0020_0026_0047_0047.jpg 1 20 26 47 47
0945_0016_0041_0041_0041.jpg 1 16 41 41 41
0946_0021_0010_0066_0066.jpg 1 21 10 66 66
0947_0011_0026_0058_0058.jpg 1 11 26 58 58
0948_0021_0023_0046_0046.jpg 1 21 23 46 46
0949_0010_0035_0056_0056.jpg 1 10 35 56 56
0950_0011_0051_0030_0030.jpg 1 11 51 30 30
0951_0019_0012_0065_0065.jpg 1 19 12 65 65
0952_0007_0020_0067_0067.jpg 1 7 20 67 67
0953_0029_0039_0047_0047.jpg 1 29 39 47 47
0954_0008_0025_0053_0053.jpg 1 8 25 53 53
0955_0033_0022_0061_0061.jpg 1 33 22 61 61
0956_0022_0037_0040_0040.jpg 1 22 37 40 40
0957_0009_0015_0025_0025.jpg 1 9 15 25 25
0958_0052_0053_0040_0040.jpg 1 52 53 40 40
0959_0010_0057_0026_0026.jpg 1 10 57 26 26
0960_0056_0049_0026_0026.jpg 1 56 49 26 26
0961_0006_0010_0052_0052.jpg 1 6 10 52 52
0962_0034_0055_0024_0024.jpg 1 34 55 24 24
0963_0039_0035_0034_0034.jpg 1 39 35 34 34
0964_0027_0041_0029_0029.jpg 1 27 41 29 29
0965_0011_0035_0050_0050.jpg 1 11 35 50 50
0966_0011_0020_0069_0069.jpg 1 11 20 69 69
0967_0026_0010_0060_0060.jpg 1 26 10 60 60
0968_0051_0044_0035_0035.jpg 1 51 44 35 35
0969_0033_0027_0025_0025.jpg 1 33 27 25 25
0970_0046_0028_0034_0034.jpg 1 46 28 34 34
0971_0065_0024_0024_0024.jpg 1 65 24 24 24
0972_0037_0036_0050_0050.jpg 1 37 36 50 50
0973_0030_0021_0061_0061.jpg 1 30 21 61 61
0974_0041_0031_0029_0029.jpg 1 41 31 29 29
0975_0011_0034_0059_0059.jpg 1 11 34 59 59
0976_0024_0033_0055_0055.jpg 1 24 33 55 55
0977_0035_0024_0040_0040.jpg 1 35 24 40 40
0978_0047_0051_0037_0037.jpg 1 47 51 37 37
0979_0037_0009_0046_0046.jpg 1 37 9 46 46
0980_0043_0048_0037_0037.jpg 1 43 48 37 37
0981_0030_0039_0048_0048.jpg 1 30 39 48 48
0982_0038_0027_0052_0052.jpg 1 38 27 52 52
0983_0017_0006_0067_0067.jpg 1 17 6 67 67
0984_0042_0007_0038_0038.jpg 1 42 7 38 38
0985_0032_0041_0048_0048.jpg 1 32 41 48 48
0986_0004_0021_0069_0069.jpg 1 4 21 69 69
0987_0055_0051_0034_0034.jpg 1 55 51 34 34
0988_0038_0018_0051_0051.jpg 1 38 18 51 51
0989_0005_0017_0059_0059.jpg 1 5 17 59 59
0990_0055_0047_0033_0033.jpg 1 55 47 33 33
0991_0034_0019_0049_0049.jpg 1 34 19 49 49
0992_0030_0019_0064_0064.jpg 1 30 19 64 64
0993_0031_0037_0056_0056.jpg 1 31 37 56 56
0994_0019_0016_0063_0063.jpg 1 19 16 63 63
0995_0044_0058_0030_0030.jpg 1 44 58 30 30
0996_0024_0041_0053_0053.jpg 1 24 41 53 53
0997_0033_0025_0061_0061.jpg 1 33 25 61 61
0998_0010_0029_0036_0036.jpg 1 10 29 36 36
0999_0059_0051_0029_0029.jpg 1 59 51 29 29
1000_0013_0017_0066_0066.jpg 1 13 17 66 66
